/root/anaconda/envs/py39116/lib/python3.9/site-packages/torch/distributed/launch.py:180: FutureWarning: The module torch.distributed.launch is deprecated
and will be removed in future. Use torchrun.
Note that --use_env is set by default in torchrun.
If your script expects `--local_rank` argument to be set, please
change it to read from `os.environ['LOCAL_RANK']` instead. See 
https://pytorch.org/docs/stable/distributed.html#launch-utility for 
further instructions

  warnings.warn(
TRAIN START
2022-12-04 08:38:02 - instantiator.py[line:21] - INFO: Created a temporary directory at /tmp/tmpa414a95z
2022-12-04 08:38:02 - instantiator.py[line:76] - INFO: Writing /tmp/tmpa414a95z/_remote_module_non_scriptable.py
2022-12-04 08:38:05 - utils.py[line:255] - INFO: distributed init (rank 0): env://
2022-12-04 08:38:05 - utils.py[line:261] - INFO: Start init
2022-12-04 08:38:05 - distributed_c10d.py[line:319] - INFO: Added key: store_based_barrier_key:1 to store for rank: 0
2022-12-04 08:38:05 - distributed_c10d.py[line:353] - INFO: Rank 0: Completed store-based barrier for key:store_based_barrier_key:1 with 1 nodes.
2022-12-04 08:38:05 - utils.py[line:271] - INFO: initialized host rt-res-public16-fdd7f84d7-cb5fh as rank 0
single-machine distributed training is initialized.
2022-12-04 08:38:07 - train.py[line:77] - INFO: {'_name': None, 'common': {'_name': None, 'no_progress_bar': False, 'log_interval': 10, 'log_format': 'simple', 'log_file': None, 'tensorboard_logdir': None, 'wandb_project': None, 'azureml_logging': False, 'seed': 1, 'cpu': False, 'tpu': False, 'bf16': False, 'memory_efficient_bf16': False, 'fp16': True, 'memory_efficient_fp16': False, 'fp16_no_flatten_grads': False, 'fp16_init_scale': 128, 'fp16_scale_window': 512, 'fp16_scale_tolerance': 0.0, 'on_cpu_convert_precision': False, 'min_loss_scale': 0.0001, 'threshold_loss_scale': None, 'amp': False, 'amp_batch_retries': 2, 'amp_init_scale': 128, 'amp_scale_window': None, 'user_dir': '../../ofa_module', 'empty_cache_freq': 0, 'all_gather_list_size': 16384, 'model_parallel_size': 1, 'quantization_config_path': None, 'profile': False, 'reset_logging': False, 'suppress_crashes': False, 'use_plasma_view': False, 'plasma_path': '/tmp/plasma'}, 'common_eval': {'_name': None, 'path': None, 'post_process': None, 'quiet': False, 'model_overrides': '{}', 'results_path': None}, 'distributed_training': {'_name': None, 'distributed_world_size': 1, 'distributed_num_procs': 1, 'distributed_rank': 0, 'distributed_backend': 'nccl', 'distributed_init_method': 'env://', 'distributed_port': -1, 'device_id': 0, 'distributed_no_spawn': True, 'ddp_backend': 'pytorch_ddp', 'ddp_comm_hook': 'none', 'bucket_cap_mb': 25, 'fix_batches_to_gpus': False, 'find_unused_parameters': True, 'gradient_as_bucket_view': False, 'fast_stat_sync': False, 'heartbeat_timeout': -1, 'broadcast_buffers': False, 'slowmo_momentum': None, 'slowmo_algorithm': 'LocalSGD', 'localsgd_frequency': 3, 'nprocs_per_node': 1, 'pipeline_model_parallel': False, 'pipeline_balance': None, 'pipeline_devices': None, 'pipeline_chunks': 0, 'pipeline_encoder_balance': None, 'pipeline_encoder_devices': None, 'pipeline_decoder_balance': None, 'pipeline_decoder_devices': None, 'pipeline_checkpoint': 'never', 'zero_sharding': 'none', 'fp16': True, 'memory_efficient_fp16': False, 'tpu': False, 'no_reshard_after_forward': False, 'fp32_reduce_scatter': False, 'cpu_offload': False, 'use_sharded_state': False}, 'dataset': {'_name': None, 'num_workers': 0, 'skip_invalid_size_inputs_valid_test': False, 'max_tokens': None, 'batch_size': 8, 'required_batch_size_multiple': 8, 'required_seq_len_multiple': 1, 'dataset_impl': None, 'data_buffer_size': 10, 'train_subset': 'train', 'valid_subset': 'valid', 'combine_valid_subsets': None, 'ignore_unused_valid_subsets': False, 'validate_interval': 1, 'validate_interval_updates': 500, 'validate_after_updates': 0, 'fixed_validation_seed': 7, 'disable_validation': False, 'max_tokens_valid': None, 'batch_size_valid': 8, 'max_valid_steps': None, 'curriculum': 0, 'gen_subset': 'test', 'num_shards': 1, 'shard_id': 0}, 'optimization': {'_name': None, 'max_epoch': 5, 'max_update': 0, 'stop_time_hours': 0.0, 'clip_norm': 1.0, 'sentence_avg': False, 'update_freq': [4], 'lr': [1e-05], 'stop_min_lr': -1.0, 'use_bmuf': False}, 'checkpoint': {'_name': None, 'save_dir': './stage1_checkpoints/5_0.06_6000', 'restore_file': '../../checkpoints/ofa_base.pt', 'finetune_from_model': None, 'reset_dataloader': True, 'reset_lr_scheduler': False, 'reset_meters': True, 'reset_optimizer': True, 'optimizer_overrides': '{}', 'save_interval': 1, 'save_interval_updates': 500, 'keep_interval_updates': -1, 'keep_interval_updates_pattern': -1, 'keep_last_epochs': -1, 'keep_best_checkpoints': 1, 'no_save': False, 'no_epoch_checkpoints': True, 'no_last_checkpoints': False, 'no_save_optimizer_state': False, 'best_checkpoint_metric': 'cider', 'maximize_best_checkpoint_metric': True, 'patience': -1, 'checkpoint_suffix': '', 'checkpoint_shard_count': 1, 'load_checkpoint_on_all_dp_ranks': False, 'write_checkpoints_asynchronously': False, 'model_parallel_size': 1, 'use_ema_weights_to_init_param': False, 'use_latest_weights_to_init_ema': False}, 'bmuf': {'_name': None, 'block_lr': 1.0, 'block_momentum': 0.875, 'global_sync_iter': 50, 'warmup_iterations': 500, 'use_nbm': False, 'average_sync': False, 'distributed_world_size': 1}, 'generation': {'_name': None, 'beam': 5, 'nbest': 1, 'max_len_a': 0.0, 'max_len_b': 200, 'min_len': 1, 'match_source_len': False, 'unnormalized': False, 'no_early_stop': False, 'no_beamable_mm': False, 'lenpen': 1.0, 'unkpen': 0.0, 'replace_unk': None, 'sacrebleu': False, 'score_reference': False, 'prefix_size': 0, 'no_repeat_ngram_size': 0, 'sampling': False, 'sampling_topk': -1, 'sampling_topp': -1.0, 'constraints': None, 'temperature': 1.0, 'diverse_beam_groups': -1, 'diverse_beam_strength': 0.5, 'diversity_rate': -1.0, 'print_alignment': None, 'print_step': False, 'lm_path': None, 'lm_weight': 0.0, 'iter_decode_eos_penalty': 0.0, 'iter_decode_max_iter': 10, 'iter_decode_force_max_iter': False, 'iter_decode_with_beam': 1, 'iter_decode_with_external_reranker': False, 'retain_iter_history': False, 'retain_dropout': False, 'retain_dropout_modules': None, 'decoding_format': None, 'no_seed_provided': False}, 'eval_lm': {'_name': None, 'output_word_probs': False, 'output_word_stats': False, 'context_window': 0, 'softmax_batch': 9223372036854775807}, 'interactive': {'_name': None, 'buffer_size': 0, 'input': '-'}, 'model': Namespace(no_progress_bar=False, log_interval=10, log_format='simple', log_file=None, tensorboard_logdir=None, wandb_project=None, azureml_logging=False, seed=1, cpu=False, tpu=False, bf16=False, memory_efficient_bf16=False, fp16=True, memory_efficient_fp16=False, fp16_no_flatten_grads=False, fp16_init_scale=128, fp16_scale_window=512, fp16_scale_tolerance=0.0, on_cpu_convert_precision=False, min_loss_scale=0.0001, threshold_loss_scale=None, amp=False, amp_batch_retries=2, amp_init_scale=128, amp_scale_window=None, user_dir='../../ofa_module', empty_cache_freq=0, all_gather_list_size=16384, model_parallel_size=1, quantization_config_path=None, profile=False, reset_logging=False, suppress_crashes=False, use_plasma_view=False, plasma_path='/tmp/plasma', criterion='adjust_label_smoothed_cross_entropy', tokenizer=None, bpe=None, optimizer='adam', lr_scheduler='polynomial_decay', simul_type=None, scoring='bleu', task='caption', num_workers=0, skip_invalid_size_inputs_valid_test=False, max_tokens=None, batch_size=8, required_batch_size_multiple=8, required_seq_len_multiple=1, dataset_impl=None, data_buffer_size=10, train_subset='train', valid_subset='valid', combine_valid_subsets=None, ignore_unused_valid_subsets=False, validate_interval=1, validate_interval_updates=500, validate_after_updates=0, fixed_validation_seed=7, disable_validation=False, max_tokens_valid=None, batch_size_valid=8, max_valid_steps=None, curriculum=0, gen_subset='test', num_shards=1, shard_id=0, distributed_world_size=1, distributed_num_procs=1, distributed_rank=0, distributed_backend='nccl', distributed_init_method=None, distributed_port=-1, device_id=0, distributed_no_spawn=False, ddp_backend='pytorch_ddp', ddp_comm_hook='none', bucket_cap_mb=25, fix_batches_to_gpus=False, find_unused_parameters=True, gradient_as_bucket_view=False, fast_stat_sync=False, heartbeat_timeout=-1, broadcast_buffers=False, slowmo_momentum=None, slowmo_algorithm='LocalSGD', localsgd_frequency=3, nprocs_per_node=1, pipeline_model_parallel=False, pipeline_balance=None, pipeline_devices=None, pipeline_chunks=0, pipeline_encoder_balance=None, pipeline_encoder_devices=None, pipeline_decoder_balance=None, pipeline_decoder_devices=None, pipeline_checkpoint='never', zero_sharding='none', no_reshard_after_forward=False, fp32_reduce_scatter=False, cpu_offload=False, use_sharded_state=False, arch='ofa_base', max_epoch=5, max_update=0, stop_time_hours=0, clip_norm=1.0, sentence_avg=False, update_freq=[4], lr=[1e-05], stop_min_lr=-1.0, use_bmuf=False, save_dir='./stage1_checkpoints/5_0.06_6000', restore_file='../../checkpoints/ofa_base.pt', finetune_from_model=None, reset_dataloader=True, reset_lr_scheduler=False, reset_meters=True, reset_optimizer=True, optimizer_overrides='{}', save_interval=1, save_interval_updates=500, keep_interval_updates=-1, keep_interval_updates_pattern=-1, keep_last_epochs=-1, keep_best_checkpoints=1, no_save=False, no_epoch_checkpoints=True, no_last_checkpoints=False, no_save_optimizer_state=False, best_checkpoint_metric='cider', maximize_best_checkpoint_metric=True, patience=-1, checkpoint_suffix='', checkpoint_shard_count=1, load_checkpoint_on_all_dp_ranks=False, write_checkpoints_asynchronously=False, use_ema_weights_to_init_param=False, use_latest_weights_to_init_ema=False, store_ema=False, ema_decay=0.9999, ema_start_update=0, ema_seed_model=None, ema_update_freq=1, ema_fp32=False, bitfit=False, no_token_positional_embeddings=False, no_cross_attention=False, cross_self_attention=False, encoder_layerdrop=0, decoder_layerdrop=0, encoder_layers_to_keep=None, decoder_layers_to_keep=None, quant_noise_pq=0, quant_noise_pq_block_size=8, quant_noise_scalar=0, min_params_to_wrap=100000000, data='../../dataset/caption_data/caption_stage1_train.tsv,../../dataset/caption_data/caption_val.tsv', selected_cols='0,4,2', bpe_dir='../../utils/BPE', max_source_positions=1024, max_target_positions=1024, max_src_length=80, max_tgt_length=20, code_dict_size=8192, patch_image_size=480, orig_patch_image_size=256, num_bins=1000, imagenet_default_mean_and_std=False, constraint_range=None, eval_bleu=False, eval_cider=True, eval_args='{"beam":5,"max_len_b":16,"no_repeat_ngram_size":3}', eval_print_samples=False, eval_cider_cached_tokens='../../dataset/caption_data/cider_cached_tokens/coco-valid-words.p', scst=False, scst_args='{}', label_smoothing=0.1, report_accuracy=False, ignore_prefix_size=0, ignore_eos=False, drop_worst_ratio=0.2, drop_worst_after=6000, use_rdrop=False, reg_alpha=1.0, sample_patch_num=196, adam_betas='(0.9,0.999)', adam_eps=1e-08, weight_decay=0.01, use_old_adam=False, fp16_adam_stats=False, warmup_updates=0, warmup_ratio=0.06, force_anneal=None, end_learning_rate=0.0, power=1.0, total_num_update=1000000, pad=1, eos=2, unk=3, encoder_normalize_before=True, decoder_normalize_before=True, share_decoder_input_output_embed=True, share_all_embeddings=True, layernorm_embedding=True, patch_layernorm_embedding=True, code_layernorm_embedding=True, resnet_drop_path_rate=0.0, encoder_drop_path_rate=0.1, decoder_drop_path_rate=0.1, dropout=0.1, attention_dropout=0.0, freeze_encoder_embedding=True, freeze_decoder_embedding=True, add_type_embedding=True, scale_attn=True, scale_fc=True, scale_heads=True, disable_entangle=True, no_seed_provided=False, encoder_embed_dim=768, encoder_ffn_embed_dim=3072, encoder_layers=6, encoder_attention_heads=12, decoder_layers=6, decoder_attention_heads=12, resnet_type='resnet101', encoder_embed_path=None, encoder_learned_pos=True, decoder_embed_path=None, decoder_embed_dim=768, decoder_ffn_embed_dim=3072, decoder_learned_pos=True, relu_dropout=0.0, adaptive_softmax_cutoff=None, adaptive_softmax_dropout=0, decoder_output_dim=768, decoder_input_dim=768, no_scale_embedding=True, activation_fn='gelu', pooler_activation_fn='tanh', pooler_dropout=0.0, pooler_classifier='mlp', token_bucket_size=256, image_bucket_size=42, attn_scale_factor=2, code_image_size=128, entangle_position_embedding=False, sync_bn=False, scale_resids=False, _name='ofa_base'), 'task': {'_name': 'caption', 'data': '../../dataset/caption_data/caption_stage1_train.tsv,../../dataset/caption_data/caption_val.tsv', 'selected_cols': '0,4,2', 'bpe': None, 'bpe_dir': '../../utils/BPE', 'max_source_positions': 1024, 'max_target_positions': 1024, 'max_src_length': 80, 'max_tgt_length': 20, 'code_dict_size': 8192, 'patch_image_size': 480, 'orig_patch_image_size': 256, 'num_bins': 1000, 'imagenet_default_mean_and_std': False, 'constraint_range': None, 'eval_bleu': False, 'eval_cider': True, 'eval_args': '{"beam":5,"max_len_b":16,"no_repeat_ngram_size":3}', 'eval_print_samples': False, 'eval_cider_cached_tokens': '../../dataset/caption_data/cider_cached_tokens/coco-valid-words.p', 'scst': False, 'scst_args': '{}'}, 'criterion': {'_name': 'adjust_label_smoothed_cross_entropy', 'label_smoothing': 0.1, 'report_accuracy': False, 'ignore_prefix_size': 0, 'ignore_eos': False, 'sentence_avg': False, 'drop_worst_ratio': 0.2, 'drop_worst_after': 6000, 'use_rdrop': False, 'reg_alpha': 1.0, 'sample_patch_num': 196, 'constraint_range': None}, 'optimizer': {'_name': 'adam', 'adam_betas': '(0.9,0.999)', 'adam_eps': 1e-08, 'weight_decay': 0.01, 'use_old_adam': False, 'fp16_adam_stats': False, 'tpu': False, 'lr': [1e-05]}, 'lr_scheduler': {'_name': 'polynomial_decay', 'warmup_updates': 0, 'warmup_ratio': 0.06, 'force_anneal': None, 'end_learning_rate': 0.0, 'power': 1.0, 'total_num_update': 1000000.0, 'lr': [1e-05]}, 'scoring': {'_name': 'bleu', 'pad': 1, 'eos': 2, 'unk': 3}, 'bpe': None, 'tokenizer': None, 'ema': {'_name': None, 'store_ema': False, 'ema_decay': 0.9999, 'ema_start_update': 0, 'ema_seed_model': None, 'ema_update_freq': 1, 'ema_fp32': False}, 'simul_type': None}
2022-12-04 08:38:07 - ofa_task.py[line:109] - INFO: source dictionary: 59457 types
2022-12-04 08:38:07 - ofa_task.py[line:110] - INFO: target dictionary: 59457 types
/root/anaconda/envs/py39116/lib/python3.9/site-packages/torch/functional.py:504: UserWarning: torch.meshgrid: in an upcoming release, it will be required to pass the indexing argument. (Triggered internally at ../aten/src/ATen/native/TensorShape.cpp:3190.)
  return _VF.meshgrid(tensors, **kwargs)  # type: ignore[attr-defined]
2022-12-04 08:38:10 - train.py[line:110] - INFO: OFAModel(
  (encoder): TransformerEncoder(
    (encoder_dropout): Dropout(p=0.2, inplace=False)
    (dropout_module): FairseqDropout()
    (embed_tokens): Embedding(59457, 768, padding_idx=1)
    (layernorm_embedding): LayerNorm((768,), eps=1e-05, elementwise_affine=True)
    (type_embedding): Embedding(2, 768)
    (embed_images): ResNet(
      (conv1): Conv2d(3, 64, kernel_size=(7, 7), stride=(2, 2), padding=(3, 3), bias=False)
      (bn1): BatchNorm2d(64, eps=1e-05, momentum=0.1, affine=True, track_running_stats=True)
      (relu): ReLU(inplace=True)
      (maxpool): MaxPool2d(kernel_size=3, stride=2, padding=1, dilation=1, ceil_mode=False)
      (layer1): Sequential(
        (0): Bottleneck(
          (conv1): Conv2d(64, 64, kernel_size=(1, 1), stride=(1, 1), bias=False)
          (bn1): BatchNorm2d(64, eps=1e-05, momentum=0.1, affine=True, track_running_stats=True)
          (conv2): Conv2d(64, 64, kernel_size=(3, 3), stride=(1, 1), padding=(1, 1), bias=False)
          (bn2): BatchNorm2d(64, eps=1e-05, momentum=0.1, affine=True, track_running_stats=True)
          (conv3): Conv2d(64, 256, kernel_size=(1, 1), stride=(1, 1), bias=False)
          (bn3): BatchNorm2d(256, eps=1e-05, momentum=0.1, affine=True, track_running_stats=True)
          (relu): ReLU(inplace=True)
          (downsample): Sequential(
            (0): Conv2d(64, 256, kernel_size=(1, 1), stride=(1, 1), bias=False)
            (1): BatchNorm2d(256, eps=1e-05, momentum=0.1, affine=True, track_running_stats=True)
          )
          (drop_path): Identity()
        )
        (1): Bottleneck(
          (conv1): Conv2d(256, 64, kernel_size=(1, 1), stride=(1, 1), bias=False)
          (bn1): BatchNorm2d(64, eps=1e-05, momentum=0.1, affine=True, track_running_stats=True)
          (conv2): Conv2d(64, 64, kernel_size=(3, 3), stride=(1, 1), padding=(1, 1), bias=False)
          (bn2): BatchNorm2d(64, eps=1e-05, momentum=0.1, affine=True, track_running_stats=True)
          (conv3): Conv2d(64, 256, kernel_size=(1, 1), stride=(1, 1), bias=False)
          (bn3): BatchNorm2d(256, eps=1e-05, momentum=0.1, affine=True, track_running_stats=True)
          (relu): ReLU(inplace=True)
          (drop_path): Identity()
        )
        (2): Bottleneck(
          (conv1): Conv2d(256, 64, kernel_size=(1, 1), stride=(1, 1), bias=False)
          (bn1): BatchNorm2d(64, eps=1e-05, momentum=0.1, affine=True, track_running_stats=True)
          (conv2): Conv2d(64, 64, kernel_size=(3, 3), stride=(1, 1), padding=(1, 1), bias=False)
          (bn2): BatchNorm2d(64, eps=1e-05, momentum=0.1, affine=True, track_running_stats=True)
          (conv3): Conv2d(64, 256, kernel_size=(1, 1), stride=(1, 1), bias=False)
          (bn3): BatchNorm2d(256, eps=1e-05, momentum=0.1, affine=True, track_running_stats=True)
          (relu): ReLU(inplace=True)
          (drop_path): Identity()
        )
      )
      (layer2): Sequential(
        (0): Bottleneck(
          (conv1): Conv2d(256, 128, kernel_size=(1, 1), stride=(1, 1), bias=False)
          (bn1): BatchNorm2d(128, eps=1e-05, momentum=0.1, affine=True, track_running_stats=True)
          (conv2): Conv2d(128, 128, kernel_size=(3, 3), stride=(2, 2), padding=(1, 1), bias=False)
          (bn2): BatchNorm2d(128, eps=1e-05, momentum=0.1, affine=True, track_running_stats=True)
          (conv3): Conv2d(128, 512, kernel_size=(1, 1), stride=(1, 1), bias=False)
          (bn3): BatchNorm2d(512, eps=1e-05, momentum=0.1, affine=True, track_running_stats=True)
          (relu): ReLU(inplace=True)
          (downsample): Sequential(
            (0): Conv2d(256, 512, kernel_size=(1, 1), stride=(2, 2), bias=False)
            (1): BatchNorm2d(512, eps=1e-05, momentum=0.1, affine=True, track_running_stats=True)
          )
          (drop_path): Identity()
        )
        (1): Bottleneck(
          (conv1): Conv2d(512, 128, kernel_size=(1, 1), stride=(1, 1), bias=False)
          (bn1): BatchNorm2d(128, eps=1e-05, momentum=0.1, affine=True, track_running_stats=True)
          (conv2): Conv2d(128, 128, kernel_size=(3, 3), stride=(1, 1), padding=(1, 1), bias=False)
          (bn2): BatchNorm2d(128, eps=1e-05, momentum=0.1, affine=True, track_running_stats=True)
          (conv3): Conv2d(128, 512, kernel_size=(1, 1), stride=(1, 1), bias=False)
          (bn3): BatchNorm2d(512, eps=1e-05, momentum=0.1, affine=True, track_running_stats=True)
          (relu): ReLU(inplace=True)
          (drop_path): Identity()
        )
        (2): Bottleneck(
          (conv1): Conv2d(512, 128, kernel_size=(1, 1), stride=(1, 1), bias=False)
          (bn1): BatchNorm2d(128, eps=1e-05, momentum=0.1, affine=True, track_running_stats=True)
          (conv2): Conv2d(128, 128, kernel_size=(3, 3), stride=(1, 1), padding=(1, 1), bias=False)
          (bn2): BatchNorm2d(128, eps=1e-05, momentum=0.1, affine=True, track_running_stats=True)
          (conv3): Conv2d(128, 512, kernel_size=(1, 1), stride=(1, 1), bias=False)
          (bn3): BatchNorm2d(512, eps=1e-05, momentum=0.1, affine=True, track_running_stats=True)
          (relu): ReLU(inplace=True)
          (drop_path): Identity()
        )
        (3): Bottleneck(
          (conv1): Conv2d(512, 128, kernel_size=(1, 1), stride=(1, 1), bias=False)
          (bn1): BatchNorm2d(128, eps=1e-05, momentum=0.1, affine=True, track_running_stats=True)
          (conv2): Conv2d(128, 128, kernel_size=(3, 3), stride=(1, 1), padding=(1, 1), bias=False)
          (bn2): BatchNorm2d(128, eps=1e-05, momentum=0.1, affine=True, track_running_stats=True)
          (conv3): Conv2d(128, 512, kernel_size=(1, 1), stride=(1, 1), bias=False)
          (bn3): BatchNorm2d(512, eps=1e-05, momentum=0.1, affine=True, track_running_stats=True)
          (relu): ReLU(inplace=True)
          (drop_path): Identity()
        )
      )
      (layer3): Sequential(
        (0): Bottleneck(
          (conv1): Conv2d(512, 256, kernel_size=(1, 1), stride=(1, 1), bias=False)
          (bn1): BatchNorm2d(256, eps=1e-05, momentum=0.1, affine=True, track_running_stats=True)
          (conv2): Conv2d(256, 256, kernel_size=(3, 3), stride=(2, 2), padding=(1, 1), bias=False)
          (bn2): BatchNorm2d(256, eps=1e-05, momentum=0.1, affine=True, track_running_stats=True)
          (conv3): Conv2d(256, 1024, kernel_size=(1, 1), stride=(1, 1), bias=False)
          (bn3): BatchNorm2d(1024, eps=1e-05, momentum=0.1, affine=True, track_running_stats=True)
          (relu): ReLU(inplace=True)
          (downsample): Sequential(
            (0): Conv2d(512, 1024, kernel_size=(1, 1), stride=(2, 2), bias=False)
            (1): BatchNorm2d(1024, eps=1e-05, momentum=0.1, affine=True, track_running_stats=True)
          )
          (drop_path): Identity()
        )
        (1): Bottleneck(
          (conv1): Conv2d(1024, 256, kernel_size=(1, 1), stride=(1, 1), bias=False)
          (bn1): BatchNorm2d(256, eps=1e-05, momentum=0.1, affine=True, track_running_stats=True)
          (conv2): Conv2d(256, 256, kernel_size=(3, 3), stride=(1, 1), padding=(1, 1), bias=False)
          (bn2): BatchNorm2d(256, eps=1e-05, momentum=0.1, affine=True, track_running_stats=True)
          (conv3): Conv2d(256, 1024, kernel_size=(1, 1), stride=(1, 1), bias=False)
          (bn3): BatchNorm2d(1024, eps=1e-05, momentum=0.1, affine=True, track_running_stats=True)
          (relu): ReLU(inplace=True)
          (drop_path): Identity()
        )
        (2): Bottleneck(
          (conv1): Conv2d(1024, 256, kernel_size=(1, 1), stride=(1, 1), bias=False)
          (bn1): BatchNorm2d(256, eps=1e-05, momentum=0.1, affine=True, track_running_stats=True)
          (conv2): Conv2d(256, 256, kernel_size=(3, 3), stride=(1, 1), padding=(1, 1), bias=False)
          (bn2): BatchNorm2d(256, eps=1e-05, momentum=0.1, affine=True, track_running_stats=True)
          (conv3): Conv2d(256, 1024, kernel_size=(1, 1), stride=(1, 1), bias=False)
          (bn3): BatchNorm2d(1024, eps=1e-05, momentum=0.1, affine=True, track_running_stats=True)
          (relu): ReLU(inplace=True)
          (drop_path): Identity()
        )
        (3): Bottleneck(
          (conv1): Conv2d(1024, 256, kernel_size=(1, 1), stride=(1, 1), bias=False)
          (bn1): BatchNorm2d(256, eps=1e-05, momentum=0.1, affine=True, track_running_stats=True)
          (conv2): Conv2d(256, 256, kernel_size=(3, 3), stride=(1, 1), padding=(1, 1), bias=False)
          (bn2): BatchNorm2d(256, eps=1e-05, momentum=0.1, affine=True, track_running_stats=True)
          (conv3): Conv2d(256, 1024, kernel_size=(1, 1), stride=(1, 1), bias=False)
          (bn3): BatchNorm2d(1024, eps=1e-05, momentum=0.1, affine=True, track_running_stats=True)
          (relu): ReLU(inplace=True)
          (drop_path): Identity()
        )
        (4): Bottleneck(
          (conv1): Conv2d(1024, 256, kernel_size=(1, 1), stride=(1, 1), bias=False)
          (bn1): BatchNorm2d(256, eps=1e-05, momentum=0.1, affine=True, track_running_stats=True)
          (conv2): Conv2d(256, 256, kernel_size=(3, 3), stride=(1, 1), padding=(1, 1), bias=False)
          (bn2): BatchNorm2d(256, eps=1e-05, momentum=0.1, affine=True, track_running_stats=True)
          (conv3): Conv2d(256, 1024, kernel_size=(1, 1), stride=(1, 1), bias=False)
          (bn3): BatchNorm2d(1024, eps=1e-05, momentum=0.1, affine=True, track_running_stats=True)
          (relu): ReLU(inplace=True)
          (drop_path): Identity()
        )
        (5): Bottleneck(
          (conv1): Conv2d(1024, 256, kernel_size=(1, 1), stride=(1, 1), bias=False)
          (bn1): BatchNorm2d(256, eps=1e-05, momentum=0.1, affine=True, track_running_stats=True)
          (conv2): Conv2d(256, 256, kernel_size=(3, 3), stride=(1, 1), padding=(1, 1), bias=False)
          (bn2): BatchNorm2d(256, eps=1e-05, momentum=0.1, affine=True, track_running_stats=True)
          (conv3): Conv2d(256, 1024, kernel_size=(1, 1), stride=(1, 1), bias=False)
          (bn3): BatchNorm2d(1024, eps=1e-05, momentum=0.1, affine=True, track_running_stats=True)
          (relu): ReLU(inplace=True)
          (drop_path): Identity()
        )
        (6): Bottleneck(
          (conv1): Conv2d(1024, 256, kernel_size=(1, 1), stride=(1, 1), bias=False)
          (bn1): BatchNorm2d(256, eps=1e-05, momentum=0.1, affine=True, track_running_stats=True)
          (conv2): Conv2d(256, 256, kernel_size=(3, 3), stride=(1, 1), padding=(1, 1), bias=False)
          (bn2): BatchNorm2d(256, eps=1e-05, momentum=0.1, affine=True, track_running_stats=True)
          (conv3): Conv2d(256, 1024, kernel_size=(1, 1), stride=(1, 1), bias=False)
          (bn3): BatchNorm2d(1024, eps=1e-05, momentum=0.1, affine=True, track_running_stats=True)
          (relu): ReLU(inplace=True)
          (drop_path): Identity()
        )
        (7): Bottleneck(
          (conv1): Conv2d(1024, 256, kernel_size=(1, 1), stride=(1, 1), bias=False)
          (bn1): BatchNorm2d(256, eps=1e-05, momentum=0.1, affine=True, track_running_stats=True)
          (conv2): Conv2d(256, 256, kernel_size=(3, 3), stride=(1, 1), padding=(1, 1), bias=False)
          (bn2): BatchNorm2d(256, eps=1e-05, momentum=0.1, affine=True, track_running_stats=True)
          (conv3): Conv2d(256, 1024, kernel_size=(1, 1), stride=(1, 1), bias=False)
          (bn3): BatchNorm2d(1024, eps=1e-05, momentum=0.1, affine=True, track_running_stats=True)
          (relu): ReLU(inplace=True)
          (drop_path): Identity()
        )
        (8): Bottleneck(
          (conv1): Conv2d(1024, 256, kernel_size=(1, 1), stride=(1, 1), bias=False)
          (bn1): BatchNorm2d(256, eps=1e-05, momentum=0.1, affine=True, track_running_stats=True)
          (conv2): Conv2d(256, 256, kernel_size=(3, 3), stride=(1, 1), padding=(1, 1), bias=False)
          (bn2): BatchNorm2d(256, eps=1e-05, momentum=0.1, affine=True, track_running_stats=True)
          (conv3): Conv2d(256, 1024, kernel_size=(1, 1), stride=(1, 1), bias=False)
          (bn3): BatchNorm2d(1024, eps=1e-05, momentum=0.1, affine=True, track_running_stats=True)
          (relu): ReLU(inplace=True)
          (drop_path): Identity()
        )
        (9): Bottleneck(
          (conv1): Conv2d(1024, 256, kernel_size=(1, 1), stride=(1, 1), bias=False)
          (bn1): BatchNorm2d(256, eps=1e-05, momentum=0.1, affine=True, track_running_stats=True)
          (conv2): Conv2d(256, 256, kernel_size=(3, 3), stride=(1, 1), padding=(1, 1), bias=False)
          (bn2): BatchNorm2d(256, eps=1e-05, momentum=0.1, affine=True, track_running_stats=True)
          (conv3): Conv2d(256, 1024, kernel_size=(1, 1), stride=(1, 1), bias=False)
          (bn3): BatchNorm2d(1024, eps=1e-05, momentum=0.1, affine=True, track_running_stats=True)
          (relu): ReLU(inplace=True)
          (drop_path): Identity()
        )
        (10): Bottleneck(
          (conv1): Conv2d(1024, 256, kernel_size=(1, 1), stride=(1, 1), bias=False)
          (bn1): BatchNorm2d(256, eps=1e-05, momentum=0.1, affine=True, track_running_stats=True)
          (conv2): Conv2d(256, 256, kernel_size=(3, 3), stride=(1, 1), padding=(1, 1), bias=False)
          (bn2): BatchNorm2d(256, eps=1e-05, momentum=0.1, affine=True, track_running_stats=True)
          (conv3): Conv2d(256, 1024, kernel_size=(1, 1), stride=(1, 1), bias=False)
          (bn3): BatchNorm2d(1024, eps=1e-05, momentum=0.1, affine=True, track_running_stats=True)
          (relu): ReLU(inplace=True)
          (drop_path): Identity()
        )
        (11): Bottleneck(
          (conv1): Conv2d(1024, 256, kernel_size=(1, 1), stride=(1, 1), bias=False)
          (bn1): BatchNorm2d(256, eps=1e-05, momentum=0.1, affine=True, track_running_stats=True)
          (conv2): Conv2d(256, 256, kernel_size=(3, 3), stride=(1, 1), padding=(1, 1), bias=False)
          (bn2): BatchNorm2d(256, eps=1e-05, momentum=0.1, affine=True, track_running_stats=True)
          (conv3): Conv2d(256, 1024, kernel_size=(1, 1), stride=(1, 1), bias=False)
          (bn3): BatchNorm2d(1024, eps=1e-05, momentum=0.1, affine=True, track_running_stats=True)
          (relu): ReLU(inplace=True)
          (drop_path): Identity()
        )
        (12): Bottleneck(
          (conv1): Conv2d(1024, 256, kernel_size=(1, 1), stride=(1, 1), bias=False)
          (bn1): BatchNorm2d(256, eps=1e-05, momentum=0.1, affine=True, track_running_stats=True)
          (conv2): Conv2d(256, 256, kernel_size=(3, 3), stride=(1, 1), padding=(1, 1), bias=False)
          (bn2): BatchNorm2d(256, eps=1e-05, momentum=0.1, affine=True, track_running_stats=True)
          (conv3): Conv2d(256, 1024, kernel_size=(1, 1), stride=(1, 1), bias=False)
          (bn3): BatchNorm2d(1024, eps=1e-05, momentum=0.1, affine=True, track_running_stats=True)
          (relu): ReLU(inplace=True)
          (drop_path): Identity()
        )
        (13): Bottleneck(
          (conv1): Conv2d(1024, 256, kernel_size=(1, 1), stride=(1, 1), bias=False)
          (bn1): BatchNorm2d(256, eps=1e-05, momentum=0.1, affine=True, track_running_stats=True)
          (conv2): Conv2d(256, 256, kernel_size=(3, 3), stride=(1, 1), padding=(1, 1), bias=False)
          (bn2): BatchNorm2d(256, eps=1e-05, momentum=0.1, affine=True, track_running_stats=True)
          (conv3): Conv2d(256, 1024, kernel_size=(1, 1), stride=(1, 1), bias=False)
          (bn3): BatchNorm2d(1024, eps=1e-05, momentum=0.1, affine=True, track_running_stats=True)
          (relu): ReLU(inplace=True)
          (drop_path): Identity()
        )
        (14): Bottleneck(
          (conv1): Conv2d(1024, 256, kernel_size=(1, 1), stride=(1, 1), bias=False)
          (bn1): BatchNorm2d(256, eps=1e-05, momentum=0.1, affine=True, track_running_stats=True)
          (conv2): Conv2d(256, 256, kernel_size=(3, 3), stride=(1, 1), padding=(1, 1), bias=False)
          (bn2): BatchNorm2d(256, eps=1e-05, momentum=0.1, affine=True, track_running_stats=True)
          (conv3): Conv2d(256, 1024, kernel_size=(1, 1), stride=(1, 1), bias=False)
          (bn3): BatchNorm2d(1024, eps=1e-05, momentum=0.1, affine=True, track_running_stats=True)
          (relu): ReLU(inplace=True)
          (drop_path): Identity()
        )
        (15): Bottleneck(
          (conv1): Conv2d(1024, 256, kernel_size=(1, 1), stride=(1, 1), bias=False)
          (bn1): BatchNorm2d(256, eps=1e-05, momentum=0.1, affine=True, track_running_stats=True)
          (conv2): Conv2d(256, 256, kernel_size=(3, 3), stride=(1, 1), padding=(1, 1), bias=False)
          (bn2): BatchNorm2d(256, eps=1e-05, momentum=0.1, affine=True, track_running_stats=True)
          (conv3): Conv2d(256, 1024, kernel_size=(1, 1), stride=(1, 1), bias=False)
          (bn3): BatchNorm2d(1024, eps=1e-05, momentum=0.1, affine=True, track_running_stats=True)
          (relu): ReLU(inplace=True)
          (drop_path): Identity()
        )
        (16): Bottleneck(
          (conv1): Conv2d(1024, 256, kernel_size=(1, 1), stride=(1, 1), bias=False)
          (bn1): BatchNorm2d(256, eps=1e-05, momentum=0.1, affine=True, track_running_stats=True)
          (conv2): Conv2d(256, 256, kernel_size=(3, 3), stride=(1, 1), padding=(1, 1), bias=False)
          (bn2): BatchNorm2d(256, eps=1e-05, momentum=0.1, affine=True, track_running_stats=True)
          (conv3): Conv2d(256, 1024, kernel_size=(1, 1), stride=(1, 1), bias=False)
          (bn3): BatchNorm2d(1024, eps=1e-05, momentum=0.1, affine=True, track_running_stats=True)
          (relu): ReLU(inplace=True)
          (drop_path): Identity()
        )
        (17): Bottleneck(
          (conv1): Conv2d(1024, 256, kernel_size=(1, 1), stride=(1, 1), bias=False)
          (bn1): BatchNorm2d(256, eps=1e-05, momentum=0.1, affine=True, track_running_stats=True)
          (conv2): Conv2d(256, 256, kernel_size=(3, 3), stride=(1, 1), padding=(1, 1), bias=False)
          (bn2): BatchNorm2d(256, eps=1e-05, momentum=0.1, affine=True, track_running_stats=True)
          (conv3): Conv2d(256, 1024, kernel_size=(1, 1), stride=(1, 1), bias=False)
          (bn3): BatchNorm2d(1024, eps=1e-05, momentum=0.1, affine=True, track_running_stats=True)
          (relu): ReLU(inplace=True)
          (drop_path): Identity()
        )
        (18): Bottleneck(
          (conv1): Conv2d(1024, 256, kernel_size=(1, 1), stride=(1, 1), bias=False)
          (bn1): BatchNorm2d(256, eps=1e-05, momentum=0.1, affine=True, track_running_stats=True)
          (conv2): Conv2d(256, 256, kernel_size=(3, 3), stride=(1, 1), padding=(1, 1), bias=False)
          (bn2): BatchNorm2d(256, eps=1e-05, momentum=0.1, affine=True, track_running_stats=True)
          (conv3): Conv2d(256, 1024, kernel_size=(1, 1), stride=(1, 1), bias=False)
          (bn3): BatchNorm2d(1024, eps=1e-05, momentum=0.1, affine=True, track_running_stats=True)
          (relu): ReLU(inplace=True)
          (drop_path): Identity()
        )
        (19): Bottleneck(
          (conv1): Conv2d(1024, 256, kernel_size=(1, 1), stride=(1, 1), bias=False)
          (bn1): BatchNorm2d(256, eps=1e-05, momentum=0.1, affine=True, track_running_stats=True)
          (conv2): Conv2d(256, 256, kernel_size=(3, 3), stride=(1, 1), padding=(1, 1), bias=False)
          (bn2): BatchNorm2d(256, eps=1e-05, momentum=0.1, affine=True, track_running_stats=True)
          (conv3): Conv2d(256, 1024, kernel_size=(1, 1), stride=(1, 1), bias=False)
          (bn3): BatchNorm2d(1024, eps=1e-05, momentum=0.1, affine=True, track_running_stats=True)
          (relu): ReLU(inplace=True)
          (drop_path): Identity()
        )
        (20): Bottleneck(
          (conv1): Conv2d(1024, 256, kernel_size=(1, 1), stride=(1, 1), bias=False)
          (bn1): BatchNorm2d(256, eps=1e-05, momentum=0.1, affine=True, track_running_stats=True)
          (conv2): Conv2d(256, 256, kernel_size=(3, 3), stride=(1, 1), padding=(1, 1), bias=False)
          (bn2): BatchNorm2d(256, eps=1e-05, momentum=0.1, affine=True, track_running_stats=True)
          (conv3): Conv2d(256, 1024, kernel_size=(1, 1), stride=(1, 1), bias=False)
          (bn3): BatchNorm2d(1024, eps=1e-05, momentum=0.1, affine=True, track_running_stats=True)
          (relu): ReLU(inplace=True)
          (drop_path): Identity()
        )
        (21): Bottleneck(
          (conv1): Conv2d(1024, 256, kernel_size=(1, 1), stride=(1, 1), bias=False)
          (bn1): BatchNorm2d(256, eps=1e-05, momentum=0.1, affine=True, track_running_stats=True)
          (conv2): Conv2d(256, 256, kernel_size=(3, 3), stride=(1, 1), padding=(1, 1), bias=False)
          (bn2): BatchNorm2d(256, eps=1e-05, momentum=0.1, affine=True, track_running_stats=True)
          (conv3): Conv2d(256, 1024, kernel_size=(1, 1), stride=(1, 1), bias=False)
          (bn3): BatchNorm2d(1024, eps=1e-05, momentum=0.1, affine=True, track_running_stats=True)
          (relu): ReLU(inplace=True)
          (drop_path): Identity()
        )
        (22): Bottleneck(
          (conv1): Conv2d(1024, 256, kernel_size=(1, 1), stride=(1, 1), bias=False)
          (bn1): BatchNorm2d(256, eps=1e-05, momentum=0.1, affine=True, track_running_stats=True)
          (conv2): Conv2d(256, 256, kernel_size=(3, 3), stride=(1, 1), padding=(1, 1), bias=False)
          (bn2): BatchNorm2d(256, eps=1e-05, momentum=0.1, affine=True, track_running_stats=True)
          (conv3): Conv2d(256, 1024, kernel_size=(1, 1), stride=(1, 1), bias=False)
          (bn3): BatchNorm2d(1024, eps=1e-05, momentum=0.1, affine=True, track_running_stats=True)
          (relu): ReLU(inplace=True)
          (drop_path): Identity()
        )
      )
    )
    (image_proj): Linear(in_features=1024, out_features=768, bias=True)
    (patch_layernorm_embedding): LayerNorm((768,), eps=1e-05, elementwise_affine=True)
    (embed_positions): Embedding(1026, 768)
    (embed_image_positions): Embedding(1765, 768)
    (pos_ln): LayerNorm((768,), eps=1e-05, elementwise_affine=True)
    (image_pos_ln): LayerNorm((768,), eps=1e-05, elementwise_affine=True)
    (pos_q_linear): Linear(in_features=768, out_features=768, bias=True)
    (pos_k_linear): Linear(in_features=768, out_features=768, bias=True)
    (layers): ModuleList(
      (0): TransformerEncoderLayer(
        (self_attn): MultiheadAttention(
          (dropout_module): FairseqDropout()
          (k_proj): Linear(in_features=768, out_features=768, bias=True)
          (v_proj): Linear(in_features=768, out_features=768, bias=True)
          (q_proj): Linear(in_features=768, out_features=768, bias=True)
          (out_proj): Linear(in_features=768, out_features=768, bias=True)
        )
        (self_attn_layer_norm): LayerNorm((768,), eps=1e-05, elementwise_affine=True)
        (dropout_module): FairseqDropout()
        (activation_dropout_module): FairseqDropout()
        (fc1): Linear(in_features=768, out_features=3072, bias=True)
        (fc2): Linear(in_features=3072, out_features=768, bias=True)
        (attn_ln): LayerNorm((768,), eps=1e-05, elementwise_affine=True)
        (ffn_layernorm): LayerNorm((3072,), eps=1e-05, elementwise_affine=True)
        (final_layer_norm): LayerNorm((768,), eps=1e-05, elementwise_affine=True)
        (drop_path): Identity()
      )
      (1): TransformerEncoderLayer(
        (self_attn): MultiheadAttention(
          (dropout_module): FairseqDropout()
          (k_proj): Linear(in_features=768, out_features=768, bias=True)
          (v_proj): Linear(in_features=768, out_features=768, bias=True)
          (q_proj): Linear(in_features=768, out_features=768, bias=True)
          (out_proj): Linear(in_features=768, out_features=768, bias=True)
        )
        (self_attn_layer_norm): LayerNorm((768,), eps=1e-05, elementwise_affine=True)
        (dropout_module): FairseqDropout()
        (activation_dropout_module): FairseqDropout()
        (fc1): Linear(in_features=768, out_features=3072, bias=True)
        (fc2): Linear(in_features=3072, out_features=768, bias=True)
        (attn_ln): LayerNorm((768,), eps=1e-05, elementwise_affine=True)
        (ffn_layernorm): LayerNorm((3072,), eps=1e-05, elementwise_affine=True)
        (final_layer_norm): LayerNorm((768,), eps=1e-05, elementwise_affine=True)
        (drop_path): DropPath(p=0.019999999552965164)
      )
      (2): TransformerEncoderLayer(
        (self_attn): MultiheadAttention(
          (dropout_module): FairseqDropout()
          (k_proj): Linear(in_features=768, out_features=768, bias=True)
          (v_proj): Linear(in_features=768, out_features=768, bias=True)
          (q_proj): Linear(in_features=768, out_features=768, bias=True)
          (out_proj): Linear(in_features=768, out_features=768, bias=True)
        )
        (self_attn_layer_norm): LayerNorm((768,), eps=1e-05, elementwise_affine=True)
        (dropout_module): FairseqDropout()
        (activation_dropout_module): FairseqDropout()
        (fc1): Linear(in_features=768, out_features=3072, bias=True)
        (fc2): Linear(in_features=3072, out_features=768, bias=True)
        (attn_ln): LayerNorm((768,), eps=1e-05, elementwise_affine=True)
        (ffn_layernorm): LayerNorm((3072,), eps=1e-05, elementwise_affine=True)
        (final_layer_norm): LayerNorm((768,), eps=1e-05, elementwise_affine=True)
        (drop_path): DropPath(p=0.03999999910593033)
      )
      (3): TransformerEncoderLayer(
        (self_attn): MultiheadAttention(
          (dropout_module): FairseqDropout()
          (k_proj): Linear(in_features=768, out_features=768, bias=True)
          (v_proj): Linear(in_features=768, out_features=768, bias=True)
          (q_proj): Linear(in_features=768, out_features=768, bias=True)
          (out_proj): Linear(in_features=768, out_features=768, bias=True)
        )
        (self_attn_layer_norm): LayerNorm((768,), eps=1e-05, elementwise_affine=True)
        (dropout_module): FairseqDropout()
        (activation_dropout_module): FairseqDropout()
        (fc1): Linear(in_features=768, out_features=3072, bias=True)
        (fc2): Linear(in_features=3072, out_features=768, bias=True)
        (attn_ln): LayerNorm((768,), eps=1e-05, elementwise_affine=True)
        (ffn_layernorm): LayerNorm((3072,), eps=1e-05, elementwise_affine=True)
        (final_layer_norm): LayerNorm((768,), eps=1e-05, elementwise_affine=True)
        (drop_path): DropPath(p=0.06000000238418579)
      )
      (4): TransformerEncoderLayer(
        (self_attn): MultiheadAttention(
          (dropout_module): FairseqDropout()
          (k_proj): Linear(in_features=768, out_features=768, bias=True)
          (v_proj): Linear(in_features=768, out_features=768, bias=True)
          (q_proj): Linear(in_features=768, out_features=768, bias=True)
          (out_proj): Linear(in_features=768, out_features=768, bias=True)
        )
        (self_attn_layer_norm): LayerNorm((768,), eps=1e-05, elementwise_affine=True)
        (dropout_module): FairseqDropout()
        (activation_dropout_module): FairseqDropout()
        (fc1): Linear(in_features=768, out_features=3072, bias=True)
        (fc2): Linear(in_features=3072, out_features=768, bias=True)
        (attn_ln): LayerNorm((768,), eps=1e-05, elementwise_affine=True)
        (ffn_layernorm): LayerNorm((3072,), eps=1e-05, elementwise_affine=True)
        (final_layer_norm): LayerNorm((768,), eps=1e-05, elementwise_affine=True)
        (drop_path): DropPath(p=0.07999999821186066)
      )
      (5): TransformerEncoderLayer(
        (self_attn): MultiheadAttention(
          (dropout_module): FairseqDropout()
          (k_proj): Linear(in_features=768, out_features=768, bias=True)
          (v_proj): Linear(in_features=768, out_features=768, bias=True)
          (q_proj): Linear(in_features=768, out_features=768, bias=True)
          (out_proj): Linear(in_features=768, out_features=768, bias=True)
        )
        (self_attn_layer_norm): LayerNorm((768,), eps=1e-05, elementwise_affine=True)
        (dropout_module): FairseqDropout()
        (activation_dropout_module): FairseqDropout()
        (fc1): Linear(in_features=768, out_features=3072, bias=True)
        (fc2): Linear(in_features=3072, out_features=768, bias=True)
        (attn_ln): LayerNorm((768,), eps=1e-05, elementwise_affine=True)
        (ffn_layernorm): LayerNorm((3072,), eps=1e-05, elementwise_affine=True)
        (final_layer_norm): LayerNorm((768,), eps=1e-05, elementwise_affine=True)
        (drop_path): DropPath(p=0.10000000149011612)
      )
    )
    (layer_norm): LayerNorm((768,), eps=1e-05, elementwise_affine=True)
    (token_rel_pos_table_list): ModuleList(
      (0): Embedding(511, 12)
      (1): Embedding(511, 12)
      (2): Embedding(511, 12)
      (3): Embedding(511, 12)
      (4): Embedding(511, 12)
      (5): Embedding(511, 12)
    )
    (image_rel_pos_table_list): ModuleList(
      (0): Embedding(6892, 12)
      (1): Embedding(6892, 12)
      (2): Embedding(6892, 12)
      (3): Embedding(6892, 12)
      (4): Embedding(6892, 12)
      (5): Embedding(6892, 12)
    )
  )
  (decoder): TransformerDecoder(
    (dropout_module): FairseqDropout()
    (embed_tokens): Embedding(59457, 768, padding_idx=1)
    (layernorm_embedding): LayerNorm((768,), eps=1e-05, elementwise_affine=True)
    (embed_positions): Embedding(1026, 768)
    (embed_image_positions): Embedding(1765, 768)
    (pos_ln): LayerNorm((768,), eps=1e-05, elementwise_affine=True)
    (image_pos_ln): LayerNorm((768,), eps=1e-05, elementwise_affine=True)
    (self_pos_q_linear): Linear(in_features=768, out_features=768, bias=True)
    (self_pos_k_linear): Linear(in_features=768, out_features=768, bias=True)
    (cross_pos_q_linear): Linear(in_features=768, out_features=768, bias=True)
    (cross_pos_k_linear): Linear(in_features=768, out_features=768, bias=True)
    (code_layernorm_embedding): LayerNorm((768,), eps=1e-05, elementwise_affine=True)
    (layers): ModuleList(
      (0): TransformerDecoderLayer(
        (dropout_module): FairseqDropout()
        (self_attn): MultiheadAttention(
          (dropout_module): FairseqDropout()
          (k_proj): Linear(in_features=768, out_features=768, bias=True)
          (v_proj): Linear(in_features=768, out_features=768, bias=True)
          (q_proj): Linear(in_features=768, out_features=768, bias=True)
          (out_proj): Linear(in_features=768, out_features=768, bias=True)
        )
        (self_attn_ln): LayerNorm((768,), eps=1e-05, elementwise_affine=True)
        (cross_attn_ln): LayerNorm((768,), eps=1e-05, elementwise_affine=True)
        (activation_dropout_module): FairseqDropout()
        (self_attn_layer_norm): LayerNorm((768,), eps=1e-05, elementwise_affine=True)
        (encoder_attn): MultiheadAttention(
          (dropout_module): FairseqDropout()
          (k_proj): Linear(in_features=768, out_features=768, bias=True)
          (v_proj): Linear(in_features=768, out_features=768, bias=True)
          (q_proj): Linear(in_features=768, out_features=768, bias=True)
          (out_proj): Linear(in_features=768, out_features=768, bias=True)
        )
        (encoder_attn_layer_norm): LayerNorm((768,), eps=1e-05, elementwise_affine=True)
        (ffn_layernorm): LayerNorm((3072,), eps=1e-05, elementwise_affine=True)
        (fc1): Linear(in_features=768, out_features=3072, bias=True)
        (fc2): Linear(in_features=3072, out_features=768, bias=True)
        (final_layer_norm): LayerNorm((768,), eps=1e-05, elementwise_affine=True)
        (drop_path): Identity()
      )
      (1): TransformerDecoderLayer(
        (dropout_module): FairseqDropout()
        (self_attn): MultiheadAttention(
          (dropout_module): FairseqDropout()
          (k_proj): Linear(in_features=768, out_features=768, bias=True)
          (v_proj): Linear(in_features=768, out_features=768, bias=True)
          (q_proj): Linear(in_features=768, out_features=768, bias=True)
          (out_proj): Linear(in_features=768, out_features=768, bias=True)
        )
        (self_attn_ln): LayerNorm((768,), eps=1e-05, elementwise_affine=True)
        (cross_attn_ln): LayerNorm((768,), eps=1e-05, elementwise_affine=True)
        (activation_dropout_module): FairseqDropout()
        (self_attn_layer_norm): LayerNorm((768,), eps=1e-05, elementwise_affine=True)
        (encoder_attn): MultiheadAttention(
          (dropout_module): FairseqDropout()
          (k_proj): Linear(in_features=768, out_features=768, bias=True)
          (v_proj): Linear(in_features=768, out_features=768, bias=True)
          (q_proj): Linear(in_features=768, out_features=768, bias=True)
          (out_proj): Linear(in_features=768, out_features=768, bias=True)
        )
        (encoder_attn_layer_norm): LayerNorm((768,), eps=1e-05, elementwise_affine=True)
        (ffn_layernorm): LayerNorm((3072,), eps=1e-05, elementwise_affine=True)
        (fc1): Linear(in_features=768, out_features=3072, bias=True)
        (fc2): Linear(in_features=3072, out_features=768, bias=True)
        (final_layer_norm): LayerNorm((768,), eps=1e-05, elementwise_affine=True)
        (drop_path): DropPath(p=0.019999999552965164)
      )
      (2): TransformerDecoderLayer(
        (dropout_module): FairseqDropout()
        (self_attn): MultiheadAttention(
          (dropout_module): FairseqDropout()
          (k_proj): Linear(in_features=768, out_features=768, bias=True)
          (v_proj): Linear(in_features=768, out_features=768, bias=True)
          (q_proj): Linear(in_features=768, out_features=768, bias=True)
          (out_proj): Linear(in_features=768, out_features=768, bias=True)
        )
        (self_attn_ln): LayerNorm((768,), eps=1e-05, elementwise_affine=True)
        (cross_attn_ln): LayerNorm((768,), eps=1e-05, elementwise_affine=True)
        (activation_dropout_module): FairseqDropout()
        (self_attn_layer_norm): LayerNorm((768,), eps=1e-05, elementwise_affine=True)
        (encoder_attn): MultiheadAttention(
          (dropout_module): FairseqDropout()
          (k_proj): Linear(in_features=768, out_features=768, bias=True)
          (v_proj): Linear(in_features=768, out_features=768, bias=True)
          (q_proj): Linear(in_features=768, out_features=768, bias=True)
          (out_proj): Linear(in_features=768, out_features=768, bias=True)
        )
        (encoder_attn_layer_norm): LayerNorm((768,), eps=1e-05, elementwise_affine=True)
        (ffn_layernorm): LayerNorm((3072,), eps=1e-05, elementwise_affine=True)
        (fc1): Linear(in_features=768, out_features=3072, bias=True)
        (fc2): Linear(in_features=3072, out_features=768, bias=True)
        (final_layer_norm): LayerNorm((768,), eps=1e-05, elementwise_affine=True)
        (drop_path): DropPath(p=0.03999999910593033)
      )
      (3): TransformerDecoderLayer(
        (dropout_module): FairseqDropout()
        (self_attn): MultiheadAttention(
          (dropout_module): FairseqDropout()
          (k_proj): Linear(in_features=768, out_features=768, bias=True)
          (v_proj): Linear(in_features=768, out_features=768, bias=True)
          (q_proj): Linear(in_features=768, out_features=768, bias=True)
          (out_proj): Linear(in_features=768, out_features=768, bias=True)
        )
        (self_attn_ln): LayerNorm((768,), eps=1e-05, elementwise_affine=True)
        (cross_attn_ln): LayerNorm((768,), eps=1e-05, elementwise_affine=True)
        (activation_dropout_module): FairseqDropout()
        (self_attn_layer_norm): LayerNorm((768,), eps=1e-05, elementwise_affine=True)
        (encoder_attn): MultiheadAttention(
          (dropout_module): FairseqDropout()
          (k_proj): Linear(in_features=768, out_features=768, bias=True)
          (v_proj): Linear(in_features=768, out_features=768, bias=True)
          (q_proj): Linear(in_features=768, out_features=768, bias=True)
          (out_proj): Linear(in_features=768, out_features=768, bias=True)
        )
        (encoder_attn_layer_norm): LayerNorm((768,), eps=1e-05, elementwise_affine=True)
        (ffn_layernorm): LayerNorm((3072,), eps=1e-05, elementwise_affine=True)
        (fc1): Linear(in_features=768, out_features=3072, bias=True)
        (fc2): Linear(in_features=3072, out_features=768, bias=True)
        (final_layer_norm): LayerNorm((768,), eps=1e-05, elementwise_affine=True)
        (drop_path): DropPath(p=0.06000000238418579)
      )
      (4): TransformerDecoderLayer(
        (dropout_module): FairseqDropout()
        (self_attn): MultiheadAttention(
          (dropout_module): FairseqDropout()
          (k_proj): Linear(in_features=768, out_features=768, bias=True)
          (v_proj): Linear(in_features=768, out_features=768, bias=True)
          (q_proj): Linear(in_features=768, out_features=768, bias=True)
          (out_proj): Linear(in_features=768, out_features=768, bias=True)
        )
        (self_attn_ln): LayerNorm((768,), eps=1e-05, elementwise_affine=True)
        (cross_attn_ln): LayerNorm((768,), eps=1e-05, elementwise_affine=True)
        (activation_dropout_module): FairseqDropout()
        (self_attn_layer_norm): LayerNorm((768,), eps=1e-05, elementwise_affine=True)
        (encoder_attn): MultiheadAttention(
          (dropout_module): FairseqDropout()
          (k_proj): Linear(in_features=768, out_features=768, bias=True)
          (v_proj): Linear(in_features=768, out_features=768, bias=True)
          (q_proj): Linear(in_features=768, out_features=768, bias=True)
          (out_proj): Linear(in_features=768, out_features=768, bias=True)
        )
        (encoder_attn_layer_norm): LayerNorm((768,), eps=1e-05, elementwise_affine=True)
        (ffn_layernorm): LayerNorm((3072,), eps=1e-05, elementwise_affine=True)
        (fc1): Linear(in_features=768, out_features=3072, bias=True)
        (fc2): Linear(in_features=3072, out_features=768, bias=True)
        (final_layer_norm): LayerNorm((768,), eps=1e-05, elementwise_affine=True)
        (drop_path): DropPath(p=0.07999999821186066)
      )
      (5): TransformerDecoderLayer(
        (dropout_module): FairseqDropout()
        (self_attn): MultiheadAttention(
          (dropout_module): FairseqDropout()
          (k_proj): Linear(in_features=768, out_features=768, bias=True)
          (v_proj): Linear(in_features=768, out_features=768, bias=True)
          (q_proj): Linear(in_features=768, out_features=768, bias=True)
          (out_proj): Linear(in_features=768, out_features=768, bias=True)
        )
        (self_attn_ln): LayerNorm((768,), eps=1e-05, elementwise_affine=True)
        (cross_attn_ln): LayerNorm((768,), eps=1e-05, elementwise_affine=True)
        (activation_dropout_module): FairseqDropout()
        (self_attn_layer_norm): LayerNorm((768,), eps=1e-05, elementwise_affine=True)
        (encoder_attn): MultiheadAttention(
          (dropout_module): FairseqDropout()
          (k_proj): Linear(in_features=768, out_features=768, bias=True)
          (v_proj): Linear(in_features=768, out_features=768, bias=True)
          (q_proj): Linear(in_features=768, out_features=768, bias=True)
          (out_proj): Linear(in_features=768, out_features=768, bias=True)
        )
        (encoder_attn_layer_norm): LayerNorm((768,), eps=1e-05, elementwise_affine=True)
        (ffn_layernorm): LayerNorm((3072,), eps=1e-05, elementwise_affine=True)
        (fc1): Linear(in_features=768, out_features=3072, bias=True)
        (fc2): Linear(in_features=3072, out_features=768, bias=True)
        (final_layer_norm): LayerNorm((768,), eps=1e-05, elementwise_affine=True)
        (drop_path): DropPath(p=0.10000000149011612)
      )
    )
    (layer_norm): LayerNorm((768,), eps=1e-05, elementwise_affine=True)
    (output_projection): Linear(in_features=768, out_features=59457, bias=False)
    (token_rel_pos_table_list): ModuleList(
      (0): Embedding(511, 12)
      (1): Embedding(511, 12)
      (2): Embedding(511, 12)
      (3): Embedding(511, 12)
      (4): Embedding(511, 12)
      (5): Embedding(511, 12)
    )
    (image_rel_pos_table_list): ModuleList(
      (0): Embedding(6892, 12)
      (1): Embedding(6892, 12)
      (2): Embedding(6892, 12)
      (3): Embedding(6892, 12)
      (4): Embedding(6892, 12)
      (5): Embedding(6892, 12)
    )
  )
  (classification_heads): ModuleDict()
)
2022-12-04 08:38:10 - train.py[line:111] - INFO: task: CaptionTask
2022-12-04 08:38:10 - train.py[line:112] - INFO: model: OFAModel
2022-12-04 08:38:10 - train.py[line:113] - INFO: criterion: AdjustLabelSmoothedCrossEntropyCriterion
2022-12-04 08:38:10 - train.py[line:114] - INFO: num. shared model params: 182,238,536 (num. trained: 136,575,560)
2022-12-04 08:38:10 - train.py[line:121] - INFO: num. expert model params: 0 (num. trained: 0)
local datafile ../../dataset/caption_data/caption_val.tsv slice_id 0 begin to initialize row_count and line_idx-to-offset mapping
local datafile ../../dataset/caption_data/caption_val.tsv slice_id 0 finished initializing row_count and line_idx-to-offset mapping
file ../../dataset/caption_data/caption_val.tsv slice_id 0 row count 5000 total row count 5000
/root/anaconda/envs/py39116/lib/python3.9/site-packages/torchvision/transforms/transforms.py:329: UserWarning: Argument 'interpolation' of type int is deprecated since 0.13 and will be removed in 0.15. Please use InterpolationMode enum.
  warnings.warn(
2022-12-04 08:38:14 - trainer.py[line:123] - INFO: detected shared parameter: encoder.embed_tokens.weight <- decoder.embed_tokens.weight
2022-12-04 08:38:14 - trainer.py[line:123] - INFO: detected shared parameter: encoder.embed_tokens.weight <- decoder.output_projection.weight
2022-12-04 08:38:14 - trainer.py[line:123] - INFO: detected shared parameter: encoder.embed_images.conv1.bias <- encoder.embed_images.layer1.0.conv1.bias
2022-12-04 08:38:14 - trainer.py[line:123] - INFO: detected shared parameter: encoder.embed_images.conv1.bias <- encoder.embed_images.layer1.0.conv2.bias
2022-12-04 08:38:14 - trainer.py[line:123] - INFO: detected shared parameter: encoder.embed_images.conv1.bias <- encoder.embed_images.layer1.0.conv3.bias
2022-12-04 08:38:14 - trainer.py[line:123] - INFO: detected shared parameter: encoder.embed_images.conv1.bias <- encoder.embed_images.layer1.0.downsample.0.bias
2022-12-04 08:38:14 - trainer.py[line:123] - INFO: detected shared parameter: encoder.embed_images.conv1.bias <- encoder.embed_images.layer1.1.conv1.bias
2022-12-04 08:38:14 - trainer.py[line:123] - INFO: detected shared parameter: encoder.embed_images.conv1.bias <- encoder.embed_images.layer1.1.conv2.bias
2022-12-04 08:38:14 - trainer.py[line:123] - INFO: detected shared parameter: encoder.embed_images.conv1.bias <- encoder.embed_images.layer1.1.conv3.bias
2022-12-04 08:38:14 - trainer.py[line:123] - INFO: detected shared parameter: encoder.embed_images.conv1.bias <- encoder.embed_images.layer1.2.conv1.bias
2022-12-04 08:38:14 - trainer.py[line:123] - INFO: detected shared parameter: encoder.embed_images.conv1.bias <- encoder.embed_images.layer1.2.conv2.bias
2022-12-04 08:38:14 - trainer.py[line:123] - INFO: detected shared parameter: encoder.embed_images.conv1.bias <- encoder.embed_images.layer1.2.conv3.bias
2022-12-04 08:38:14 - trainer.py[line:123] - INFO: detected shared parameter: encoder.embed_images.conv1.bias <- encoder.embed_images.layer2.0.conv1.bias
2022-12-04 08:38:14 - trainer.py[line:123] - INFO: detected shared parameter: encoder.embed_images.conv1.bias <- encoder.embed_images.layer2.0.conv2.bias
2022-12-04 08:38:14 - trainer.py[line:123] - INFO: detected shared parameter: encoder.embed_images.conv1.bias <- encoder.embed_images.layer2.0.conv3.bias
2022-12-04 08:38:14 - trainer.py[line:123] - INFO: detected shared parameter: encoder.embed_images.conv1.bias <- encoder.embed_images.layer2.0.downsample.0.bias
2022-12-04 08:38:14 - trainer.py[line:123] - INFO: detected shared parameter: encoder.embed_images.conv1.bias <- encoder.embed_images.layer2.1.conv1.bias
2022-12-04 08:38:14 - trainer.py[line:123] - INFO: detected shared parameter: encoder.embed_images.conv1.bias <- encoder.embed_images.layer2.1.conv2.bias
2022-12-04 08:38:14 - trainer.py[line:123] - INFO: detected shared parameter: encoder.embed_images.conv1.bias <- encoder.embed_images.layer2.1.conv3.bias
2022-12-04 08:38:14 - trainer.py[line:123] - INFO: detected shared parameter: encoder.embed_images.conv1.bias <- encoder.embed_images.layer2.2.conv1.bias
2022-12-04 08:38:14 - trainer.py[line:123] - INFO: detected shared parameter: encoder.embed_images.conv1.bias <- encoder.embed_images.layer2.2.conv2.bias
2022-12-04 08:38:14 - trainer.py[line:123] - INFO: detected shared parameter: encoder.embed_images.conv1.bias <- encoder.embed_images.layer2.2.conv3.bias
2022-12-04 08:38:14 - trainer.py[line:123] - INFO: detected shared parameter: encoder.embed_images.conv1.bias <- encoder.embed_images.layer2.3.conv1.bias
2022-12-04 08:38:14 - trainer.py[line:123] - INFO: detected shared parameter: encoder.embed_images.conv1.bias <- encoder.embed_images.layer2.3.conv2.bias
2022-12-04 08:38:14 - trainer.py[line:123] - INFO: detected shared parameter: encoder.embed_images.conv1.bias <- encoder.embed_images.layer2.3.conv3.bias
2022-12-04 08:38:14 - trainer.py[line:123] - INFO: detected shared parameter: encoder.embed_images.conv1.bias <- encoder.embed_images.layer3.0.conv1.bias
2022-12-04 08:38:14 - trainer.py[line:123] - INFO: detected shared parameter: encoder.embed_images.conv1.bias <- encoder.embed_images.layer3.0.conv2.bias
2022-12-04 08:38:14 - trainer.py[line:123] - INFO: detected shared parameter: encoder.embed_images.conv1.bias <- encoder.embed_images.layer3.0.conv3.bias
2022-12-04 08:38:14 - trainer.py[line:123] - INFO: detected shared parameter: encoder.embed_images.conv1.bias <- encoder.embed_images.layer3.0.downsample.0.bias
2022-12-04 08:38:14 - trainer.py[line:123] - INFO: detected shared parameter: encoder.embed_images.conv1.bias <- encoder.embed_images.layer3.1.conv1.bias
2022-12-04 08:38:14 - trainer.py[line:123] - INFO: detected shared parameter: encoder.embed_images.conv1.bias <- encoder.embed_images.layer3.1.conv2.bias
2022-12-04 08:38:14 - trainer.py[line:123] - INFO: detected shared parameter: encoder.embed_images.conv1.bias <- encoder.embed_images.layer3.1.conv3.bias
2022-12-04 08:38:14 - trainer.py[line:123] - INFO: detected shared parameter: encoder.embed_images.conv1.bias <- encoder.embed_images.layer3.2.conv1.bias
2022-12-04 08:38:14 - trainer.py[line:123] - INFO: detected shared parameter: encoder.embed_images.conv1.bias <- encoder.embed_images.layer3.2.conv2.bias
2022-12-04 08:38:14 - trainer.py[line:123] - INFO: detected shared parameter: encoder.embed_images.conv1.bias <- encoder.embed_images.layer3.2.conv3.bias
2022-12-04 08:38:14 - trainer.py[line:123] - INFO: detected shared parameter: encoder.embed_images.conv1.bias <- encoder.embed_images.layer3.3.conv1.bias
2022-12-04 08:38:14 - trainer.py[line:123] - INFO: detected shared parameter: encoder.embed_images.conv1.bias <- encoder.embed_images.layer3.3.conv2.bias
2022-12-04 08:38:14 - trainer.py[line:123] - INFO: detected shared parameter: encoder.embed_images.conv1.bias <- encoder.embed_images.layer3.3.conv3.bias
2022-12-04 08:38:14 - trainer.py[line:123] - INFO: detected shared parameter: encoder.embed_images.conv1.bias <- encoder.embed_images.layer3.4.conv1.bias
2022-12-04 08:38:14 - trainer.py[line:123] - INFO: detected shared parameter: encoder.embed_images.conv1.bias <- encoder.embed_images.layer3.4.conv2.bias
2022-12-04 08:38:14 - trainer.py[line:123] - INFO: detected shared parameter: encoder.embed_images.conv1.bias <- encoder.embed_images.layer3.4.conv3.bias
2022-12-04 08:38:14 - trainer.py[line:123] - INFO: detected shared parameter: encoder.embed_images.conv1.bias <- encoder.embed_images.layer3.5.conv1.bias
2022-12-04 08:38:14 - trainer.py[line:123] - INFO: detected shared parameter: encoder.embed_images.conv1.bias <- encoder.embed_images.layer3.5.conv2.bias
2022-12-04 08:38:14 - trainer.py[line:123] - INFO: detected shared parameter: encoder.embed_images.conv1.bias <- encoder.embed_images.layer3.5.conv3.bias
2022-12-04 08:38:14 - trainer.py[line:123] - INFO: detected shared parameter: encoder.embed_images.conv1.bias <- encoder.embed_images.layer3.6.conv1.bias
2022-12-04 08:38:14 - trainer.py[line:123] - INFO: detected shared parameter: encoder.embed_images.conv1.bias <- encoder.embed_images.layer3.6.conv2.bias
2022-12-04 08:38:14 - trainer.py[line:123] - INFO: detected shared parameter: encoder.embed_images.conv1.bias <- encoder.embed_images.layer3.6.conv3.bias
2022-12-04 08:38:14 - trainer.py[line:123] - INFO: detected shared parameter: encoder.embed_images.conv1.bias <- encoder.embed_images.layer3.7.conv1.bias
2022-12-04 08:38:14 - trainer.py[line:123] - INFO: detected shared parameter: encoder.embed_images.conv1.bias <- encoder.embed_images.layer3.7.conv2.bias
2022-12-04 08:38:14 - trainer.py[line:123] - INFO: detected shared parameter: encoder.embed_images.conv1.bias <- encoder.embed_images.layer3.7.conv3.bias
2022-12-04 08:38:14 - trainer.py[line:123] - INFO: detected shared parameter: encoder.embed_images.conv1.bias <- encoder.embed_images.layer3.8.conv1.bias
2022-12-04 08:38:14 - trainer.py[line:123] - INFO: detected shared parameter: encoder.embed_images.conv1.bias <- encoder.embed_images.layer3.8.conv2.bias
2022-12-04 08:38:14 - trainer.py[line:123] - INFO: detected shared parameter: encoder.embed_images.conv1.bias <- encoder.embed_images.layer3.8.conv3.bias
2022-12-04 08:38:14 - trainer.py[line:123] - INFO: detected shared parameter: encoder.embed_images.conv1.bias <- encoder.embed_images.layer3.9.conv1.bias
2022-12-04 08:38:14 - trainer.py[line:123] - INFO: detected shared parameter: encoder.embed_images.conv1.bias <- encoder.embed_images.layer3.9.conv2.bias
2022-12-04 08:38:14 - trainer.py[line:123] - INFO: detected shared parameter: encoder.embed_images.conv1.bias <- encoder.embed_images.layer3.9.conv3.bias
2022-12-04 08:38:14 - trainer.py[line:123] - INFO: detected shared parameter: encoder.embed_images.conv1.bias <- encoder.embed_images.layer3.10.conv1.bias
2022-12-04 08:38:14 - trainer.py[line:123] - INFO: detected shared parameter: encoder.embed_images.conv1.bias <- encoder.embed_images.layer3.10.conv2.bias
2022-12-04 08:38:14 - trainer.py[line:123] - INFO: detected shared parameter: encoder.embed_images.conv1.bias <- encoder.embed_images.layer3.10.conv3.bias
2022-12-04 08:38:14 - trainer.py[line:123] - INFO: detected shared parameter: encoder.embed_images.conv1.bias <- encoder.embed_images.layer3.11.conv1.bias
2022-12-04 08:38:14 - trainer.py[line:123] - INFO: detected shared parameter: encoder.embed_images.conv1.bias <- encoder.embed_images.layer3.11.conv2.bias
2022-12-04 08:38:14 - trainer.py[line:123] - INFO: detected shared parameter: encoder.embed_images.conv1.bias <- encoder.embed_images.layer3.11.conv3.bias
2022-12-04 08:38:14 - trainer.py[line:123] - INFO: detected shared parameter: encoder.embed_images.conv1.bias <- encoder.embed_images.layer3.12.conv1.bias
2022-12-04 08:38:14 - trainer.py[line:123] - INFO: detected shared parameter: encoder.embed_images.conv1.bias <- encoder.embed_images.layer3.12.conv2.bias
2022-12-04 08:38:14 - trainer.py[line:123] - INFO: detected shared parameter: encoder.embed_images.conv1.bias <- encoder.embed_images.layer3.12.conv3.bias
2022-12-04 08:38:14 - trainer.py[line:123] - INFO: detected shared parameter: encoder.embed_images.conv1.bias <- encoder.embed_images.layer3.13.conv1.bias
2022-12-04 08:38:14 - trainer.py[line:123] - INFO: detected shared parameter: encoder.embed_images.conv1.bias <- encoder.embed_images.layer3.13.conv2.bias
2022-12-04 08:38:14 - trainer.py[line:123] - INFO: detected shared parameter: encoder.embed_images.conv1.bias <- encoder.embed_images.layer3.13.conv3.bias
2022-12-04 08:38:14 - trainer.py[line:123] - INFO: detected shared parameter: encoder.embed_images.conv1.bias <- encoder.embed_images.layer3.14.conv1.bias
2022-12-04 08:38:14 - trainer.py[line:123] - INFO: detected shared parameter: encoder.embed_images.conv1.bias <- encoder.embed_images.layer3.14.conv2.bias
2022-12-04 08:38:14 - trainer.py[line:123] - INFO: detected shared parameter: encoder.embed_images.conv1.bias <- encoder.embed_images.layer3.14.conv3.bias
2022-12-04 08:38:14 - trainer.py[line:123] - INFO: detected shared parameter: encoder.embed_images.conv1.bias <- encoder.embed_images.layer3.15.conv1.bias
2022-12-04 08:38:14 - trainer.py[line:123] - INFO: detected shared parameter: encoder.embed_images.conv1.bias <- encoder.embed_images.layer3.15.conv2.bias
2022-12-04 08:38:14 - trainer.py[line:123] - INFO: detected shared parameter: encoder.embed_images.conv1.bias <- encoder.embed_images.layer3.15.conv3.bias
2022-12-04 08:38:14 - trainer.py[line:123] - INFO: detected shared parameter: encoder.embed_images.conv1.bias <- encoder.embed_images.layer3.16.conv1.bias
2022-12-04 08:38:14 - trainer.py[line:123] - INFO: detected shared parameter: encoder.embed_images.conv1.bias <- encoder.embed_images.layer3.16.conv2.bias
2022-12-04 08:38:14 - trainer.py[line:123] - INFO: detected shared parameter: encoder.embed_images.conv1.bias <- encoder.embed_images.layer3.16.conv3.bias
2022-12-04 08:38:14 - trainer.py[line:123] - INFO: detected shared parameter: encoder.embed_images.conv1.bias <- encoder.embed_images.layer3.17.conv1.bias
2022-12-04 08:38:14 - trainer.py[line:123] - INFO: detected shared parameter: encoder.embed_images.conv1.bias <- encoder.embed_images.layer3.17.conv2.bias
2022-12-04 08:38:14 - trainer.py[line:123] - INFO: detected shared parameter: encoder.embed_images.conv1.bias <- encoder.embed_images.layer3.17.conv3.bias
2022-12-04 08:38:14 - trainer.py[line:123] - INFO: detected shared parameter: encoder.embed_images.conv1.bias <- encoder.embed_images.layer3.18.conv1.bias
2022-12-04 08:38:14 - trainer.py[line:123] - INFO: detected shared parameter: encoder.embed_images.conv1.bias <- encoder.embed_images.layer3.18.conv2.bias
2022-12-04 08:38:14 - trainer.py[line:123] - INFO: detected shared parameter: encoder.embed_images.conv1.bias <- encoder.embed_images.layer3.18.conv3.bias
2022-12-04 08:38:14 - trainer.py[line:123] - INFO: detected shared parameter: encoder.embed_images.conv1.bias <- encoder.embed_images.layer3.19.conv1.bias
2022-12-04 08:38:14 - trainer.py[line:123] - INFO: detected shared parameter: encoder.embed_images.conv1.bias <- encoder.embed_images.layer3.19.conv2.bias
2022-12-04 08:38:14 - trainer.py[line:123] - INFO: detected shared parameter: encoder.embed_images.conv1.bias <- encoder.embed_images.layer3.19.conv3.bias
2022-12-04 08:38:14 - trainer.py[line:123] - INFO: detected shared parameter: encoder.embed_images.conv1.bias <- encoder.embed_images.layer3.20.conv1.bias
2022-12-04 08:38:14 - trainer.py[line:123] - INFO: detected shared parameter: encoder.embed_images.conv1.bias <- encoder.embed_images.layer3.20.conv2.bias
2022-12-04 08:38:14 - trainer.py[line:123] - INFO: detected shared parameter: encoder.embed_images.conv1.bias <- encoder.embed_images.layer3.20.conv3.bias
2022-12-04 08:38:14 - trainer.py[line:123] - INFO: detected shared parameter: encoder.embed_images.conv1.bias <- encoder.embed_images.layer3.21.conv1.bias
2022-12-04 08:38:14 - trainer.py[line:123] - INFO: detected shared parameter: encoder.embed_images.conv1.bias <- encoder.embed_images.layer3.21.conv2.bias
2022-12-04 08:38:14 - trainer.py[line:123] - INFO: detected shared parameter: encoder.embed_images.conv1.bias <- encoder.embed_images.layer3.21.conv3.bias
2022-12-04 08:38:14 - trainer.py[line:123] - INFO: detected shared parameter: encoder.embed_images.conv1.bias <- encoder.embed_images.layer3.22.conv1.bias
2022-12-04 08:38:14 - trainer.py[line:123] - INFO: detected shared parameter: encoder.embed_images.conv1.bias <- encoder.embed_images.layer3.22.conv2.bias
2022-12-04 08:38:14 - trainer.py[line:123] - INFO: detected shared parameter: encoder.embed_images.conv1.bias <- encoder.embed_images.layer3.22.conv3.bias
2022-12-04 08:38:14 - trainer.py[line:123] - INFO: detected shared parameter: encoder.embed_images.conv1.bias <- decoder.output_projection.bias
2022-12-04 08:38:14 - utils.py[line:759] - INFO: ***********************CUDA enviroments for all 1 workers***********************
2022-12-04 08:38:14 - utils.py[line:761] - INFO: rank   0: capabilities =  8.0  ; total memory = 79.170 GB ; name = NVIDIA A100 80GB PCIe                   
2022-12-04 08:38:14 - utils.py[line:767] - INFO: ***********************CUDA enviroments for all 1 workers***********************
2022-12-04 08:38:14 - train.py[line:152] - INFO: training on 1 devices (GPUs/TPUs)
2022-12-04 08:38:14 - train.py[line:157] - INFO: max tokens per device = None and max sentences per device = 8
2022-12-04 08:38:14 - trainer.py[line:458] - INFO: Preparing to load checkpoint ../../checkpoints/ofa_base.pt
2022-12-04 08:38:17 - trainer.py[line:617] - INFO: Loaded checkpoint ../../checkpoints/ofa_base.pt (epoch 48 @ 0 updates)
2022-12-04 08:38:17 - trainer.py[line:639] - INFO: loading train data for epoch 1
local datafile ../../dataset/caption_data/caption_stage1_train.tsv slice_id 0 begin to initialize row_count and line_idx-to-offset mapping
local datafile ../../dataset/caption_data/caption_stage1_train.tsv slice_id 0 finished initializing row_count and line_idx-to-offset mapping
file ../../dataset/caption_data/caption_stage1_train.tsv slice_id 0 row count 566747 total row count 566747
slice_id 0 seek offset 0
Total steps 88555, warmup steps 5313, warmup_factor 0.00018821757952192734
2022-12-04 08:40:56 - trainer.py[line:703] - INFO: begin training epoch 1
2022-12-04 08:40:56 - train.py[line:305] - INFO: Start iterating over samples
2022-12-04 08:41:01 - trainer.py[line:921] - INFO: NOTE: gradient overflow detected, ignoring gradient, setting loss scale to: 64.0
2022-12-04 08:41:03 - trainer.py[line:921] - INFO: NOTE: gradient overflow detected, ignoring gradient, setting loss scale to: 32.0
2022-12-04 08:41:16 - progress_bar.py[line:272] - INFO: epoch 001:     12 / 17711 loss=4.081, loss_v1=0, loss_v2=0, nll_loss=1.945, ntokens=378.8, nsentences=32, sample_size=378.8, sample_size_v1=0, sample_size_v2=0, ppl=3.85, wps=286.5, ups=0.75, wpb=378.8, bsz=32, num_updates=10, lr=1.88218e-08, gnorm=11.885, clip=100, loss_scale=32, train_wall=19, gb_free=69.2, wall=183
2022-12-04 08:41:29 - progress_bar.py[line:272] - INFO: epoch 001:     22 / 17711 loss=4.068, loss_v1=0, loss_v2=0, nll_loss=1.934, ntokens=378.5, nsentences=32, sample_size=378.5, sample_size_v1=0, sample_size_v2=0, ppl=3.82, wps=293.7, ups=0.78, wpb=378.5, bsz=32, num_updates=20, lr=3.76435e-08, gnorm=12.576, clip=100, loss_scale=32, train_wall=13, gb_free=69.2, wall=195
2022-12-04 08:41:41 - progress_bar.py[line:272] - INFO: epoch 001:     32 / 17711 loss=4.221, loss_v1=0, loss_v2=0, nll_loss=2.138, ntokens=379.3, nsentences=32, sample_size=379.3, sample_size_v1=0, sample_size_v2=0, ppl=4.4, wps=305.7, ups=0.81, wpb=379.3, bsz=32, num_updates=30, lr=5.64653e-08, gnorm=14.488, clip=100, loss_scale=32, train_wall=12, gb_free=69.2, wall=208
2022-12-04 08:41:54 - progress_bar.py[line:272] - INFO: epoch 001:     42 / 17711 loss=4.163, loss_v1=0, loss_v2=0, nll_loss=2.063, ntokens=372.6, nsentences=32, sample_size=372.6, sample_size_v1=0, sample_size_v2=0, ppl=4.18, wps=295.6, ups=0.79, wpb=372.6, bsz=32, num_updates=40, lr=7.5287e-08, gnorm=15.348, clip=100, loss_scale=32, train_wall=13, gb_free=69.2, wall=220
2022-12-04 08:42:07 - progress_bar.py[line:272] - INFO: epoch 001:     52 / 17711 loss=4.101, loss_v1=0, loss_v2=0, nll_loss=1.971, ntokens=378.9, nsentences=32, sample_size=378.9, sample_size_v1=0, sample_size_v2=0, ppl=3.92, wps=298.4, ups=0.79, wpb=378.9, bsz=32, num_updates=50, lr=9.41088e-08, gnorm=11.11, clip=100, loss_scale=32, train_wall=13, gb_free=69.2, wall=233
2022-12-04 08:42:20 - progress_bar.py[line:272] - INFO: epoch 001:     62 / 17711 loss=4.021, loss_v1=0, loss_v2=0, nll_loss=1.881, ntokens=390, nsentences=32, sample_size=390, sample_size_v1=0, sample_size_v2=0, ppl=3.68, wps=304.6, ups=0.78, wpb=390, bsz=32, num_updates=60, lr=1.12931e-07, gnorm=11.499, clip=100, loss_scale=32, train_wall=13, gb_free=69.2, wall=246
2022-12-04 08:42:32 - progress_bar.py[line:272] - INFO: epoch 001:     72 / 17711 loss=4.265, loss_v1=0, loss_v2=0, nll_loss=2.203, ntokens=386.8, nsentences=32, sample_size=386.8, sample_size_v1=0, sample_size_v2=0, ppl=4.6, wps=304.6, ups=0.79, wpb=386.8, bsz=32, num_updates=70, lr=1.31752e-07, gnorm=15.294, clip=100, loss_scale=32, train_wall=13, gb_free=69.2, wall=259
2022-12-04 08:42:45 - progress_bar.py[line:272] - INFO: epoch 001:     82 / 17711 loss=4.15, loss_v1=0, loss_v2=0, nll_loss=2.035, ntokens=376.1, nsentences=32, sample_size=376.1, sample_size_v1=0, sample_size_v2=0, ppl=4.1, wps=291.4, ups=0.77, wpb=376.1, bsz=32, num_updates=80, lr=1.50574e-07, gnorm=11.547, clip=100, loss_scale=32, train_wall=13, gb_free=69.2, wall=272
2022-12-04 08:42:58 - progress_bar.py[line:272] - INFO: epoch 001:     92 / 17711 loss=4.112, loss_v1=0, loss_v2=0, nll_loss=1.986, ntokens=374.6, nsentences=32, sample_size=374.6, sample_size_v1=0, sample_size_v2=0, ppl=3.96, wps=289.8, ups=0.77, wpb=374.6, bsz=32, num_updates=90, lr=1.69396e-07, gnorm=10.615, clip=100, loss_scale=32, train_wall=13, gb_free=69.2, wall=285
2022-12-04 08:43:11 - progress_bar.py[line:272] - INFO: epoch 001:    102 / 17711 loss=4.052, loss_v1=0, loss_v2=0, nll_loss=1.93, ntokens=387, nsentences=32, sample_size=387, sample_size_v1=0, sample_size_v2=0, ppl=3.81, wps=300.1, ups=0.78, wpb=387, bsz=32, num_updates=100, lr=1.88218e-07, gnorm=10.077, clip=100, loss_scale=32, train_wall=13, gb_free=69.2, wall=297
2022-12-04 08:43:24 - progress_bar.py[line:272] - INFO: epoch 001:    112 / 17711 loss=4.102, loss_v1=0, loss_v2=0, nll_loss=1.972, ntokens=382.2, nsentences=32, sample_size=382.2, sample_size_v1=0, sample_size_v2=0, ppl=3.92, wps=304.8, ups=0.8, wpb=382.2, bsz=32, num_updates=110, lr=2.07039e-07, gnorm=12.326, clip=100, loss_scale=32, train_wall=13, gb_free=69.2, wall=310
2022-12-04 08:43:36 - progress_bar.py[line:272] - INFO: epoch 001:    122 / 17711 loss=4.169, loss_v1=0, loss_v2=0, nll_loss=2.062, ntokens=392.9, nsentences=32, sample_size=392.9, sample_size_v1=0, sample_size_v2=0, ppl=4.18, wps=313.8, ups=0.8, wpb=392.9, bsz=32, num_updates=120, lr=2.25861e-07, gnorm=12.921, clip=100, loss_scale=32, train_wall=12, gb_free=69.2, wall=322
2022-12-04 08:43:49 - progress_bar.py[line:272] - INFO: epoch 001:    132 / 17711 loss=4.166, loss_v1=0, loss_v2=0, nll_loss=2.07, ntokens=395.8, nsentences=32, sample_size=395.8, sample_size_v1=0, sample_size_v2=0, ppl=4.2, wps=314.1, ups=0.79, wpb=395.8, bsz=32, num_updates=130, lr=2.44683e-07, gnorm=11.595, clip=100, loss_scale=32, train_wall=13, gb_free=69.2, wall=335
2022-12-04 08:44:02 - progress_bar.py[line:272] - INFO: epoch 001:    142 / 17711 loss=4.066, loss_v1=0, loss_v2=0, nll_loss=1.94, ntokens=376.8, nsentences=32, sample_size=376.8, sample_size_v1=0, sample_size_v2=0, ppl=3.84, wps=292.8, ups=0.78, wpb=376.8, bsz=32, num_updates=140, lr=2.63505e-07, gnorm=11.131, clip=100, loss_scale=32, train_wall=13, gb_free=69.2, wall=348
2022-12-04 08:44:14 - progress_bar.py[line:272] - INFO: epoch 001:    152 / 17711 loss=4.039, loss_v1=0, loss_v2=0, nll_loss=1.918, ntokens=374.3, nsentences=32, sample_size=374.3, sample_size_v1=0, sample_size_v2=0, ppl=3.78, wps=291.6, ups=0.78, wpb=374.3, bsz=32, num_updates=150, lr=2.82326e-07, gnorm=12.479, clip=100, loss_scale=32, train_wall=13, gb_free=69.2, wall=361
2022-12-04 08:44:27 - progress_bar.py[line:272] - INFO: epoch 001:    162 / 17711 loss=4.05, loss_v1=0, loss_v2=0, nll_loss=1.953, ntokens=378.7, nsentences=32, sample_size=378.7, sample_size_v1=0, sample_size_v2=0, ppl=3.87, wps=302.7, ups=0.8, wpb=378.7, bsz=32, num_updates=160, lr=3.01148e-07, gnorm=13.611, clip=100, loss_scale=32, train_wall=12, gb_free=69.2, wall=373
2022-12-04 08:44:33 - trainer.py[line:921] - INFO: NOTE: gradient overflow detected, ignoring gradient, setting loss scale to: 16.0
2022-12-04 08:44:41 - progress_bar.py[line:272] - INFO: epoch 001:    173 / 17711 loss=4.083, loss_v1=0, loss_v2=0, nll_loss=2.004, ntokens=381.3, nsentences=32, sample_size=381.3, sample_size_v1=0, sample_size_v2=0, ppl=4.01, wps=273.2, ups=0.72, wpb=381.3, bsz=32, num_updates=170, lr=3.1997e-07, gnorm=12.842, clip=100, loss_scale=16, train_wall=14, gb_free=69.2, wall=387
2022-12-04 08:44:53 - progress_bar.py[line:272] - INFO: epoch 001:    183 / 17711 loss=4.007, loss_v1=0, loss_v2=0, nll_loss=1.901, ntokens=379.5, nsentences=32, sample_size=379.5, sample_size_v1=0, sample_size_v2=0, ppl=3.73, wps=302.4, ups=0.8, wpb=379.5, bsz=32, num_updates=180, lr=3.38792e-07, gnorm=14.086, clip=100, loss_scale=16, train_wall=13, gb_free=69.2, wall=400
2022-12-04 08:44:55 - trainer.py[line:921] - INFO: NOTE: gradient overflow detected, ignoring gradient, setting loss scale to: 8.0
2022-12-04 08:45:08 - progress_bar.py[line:272] - INFO: epoch 001:    194 / 17711 loss=3.999, loss_v1=0, loss_v2=0, nll_loss=1.911, ntokens=380.6, nsentences=32, sample_size=380.6, sample_size_v1=0, sample_size_v2=0, ppl=3.76, wps=266.9, ups=0.7, wpb=380.6, bsz=32, num_updates=190, lr=3.57613e-07, gnorm=9.514, clip=100, loss_scale=8, train_wall=14, gb_free=69.2, wall=414
2022-12-04 08:45:20 - progress_bar.py[line:272] - INFO: epoch 001:    204 / 17711 loss=4.046, loss_v1=0, loss_v2=0, nll_loss=1.96, ntokens=380.8, nsentences=32, sample_size=380.8, sample_size_v1=0, sample_size_v2=0, ppl=3.89, wps=301.3, ups=0.79, wpb=380.8, bsz=32, num_updates=200, lr=3.76435e-07, gnorm=13.063, clip=100, loss_scale=8, train_wall=13, gb_free=69.2, wall=427
2022-12-04 08:45:33 - progress_bar.py[line:272] - INFO: epoch 001:    214 / 17711 loss=3.921, loss_v1=0, loss_v2=0, nll_loss=1.827, ntokens=379.6, nsentences=32, sample_size=379.6, sample_size_v1=0, sample_size_v2=0, ppl=3.55, wps=301.7, ups=0.79, wpb=379.6, bsz=32, num_updates=210, lr=3.95257e-07, gnorm=10.691, clip=100, loss_scale=8, train_wall=13, gb_free=69.2, wall=439
2022-12-04 08:45:46 - progress_bar.py[line:272] - INFO: epoch 001:    224 / 17711 loss=4.031, loss_v1=0, loss_v2=0, nll_loss=1.989, ntokens=380.9, nsentences=32, sample_size=380.9, sample_size_v1=0, sample_size_v2=0, ppl=3.97, wps=295.3, ups=0.78, wpb=380.9, bsz=32, num_updates=220, lr=4.14079e-07, gnorm=12.681, clip=100, loss_scale=8, train_wall=13, gb_free=69.2, wall=452
2022-12-04 08:45:59 - progress_bar.py[line:272] - INFO: epoch 001:    234 / 17711 loss=3.908, loss_v1=0, loss_v2=0, nll_loss=1.843, ntokens=386.3, nsentences=32, sample_size=386.3, sample_size_v1=0, sample_size_v2=0, ppl=3.59, wps=294.5, ups=0.76, wpb=386.3, bsz=32, num_updates=230, lr=4.329e-07, gnorm=9.914, clip=100, loss_scale=8, train_wall=13, gb_free=69.2, wall=465
2022-12-04 08:46:12 - progress_bar.py[line:272] - INFO: epoch 001:    244 / 17711 loss=3.924, loss_v1=0, loss_v2=0, nll_loss=1.863, ntokens=384, nsentences=32, sample_size=384, sample_size_v1=0, sample_size_v2=0, ppl=3.64, wps=298.2, ups=0.78, wpb=384, bsz=32, num_updates=240, lr=4.51722e-07, gnorm=9.154, clip=100, loss_scale=8, train_wall=13, gb_free=69.2, wall=478
2022-12-04 08:46:24 - progress_bar.py[line:272] - INFO: epoch 001:    254 / 17711 loss=3.913, loss_v1=0, loss_v2=0, nll_loss=1.872, ntokens=381.7, nsentences=32, sample_size=381.7, sample_size_v1=0, sample_size_v2=0, ppl=3.66, wps=307.1, ups=0.8, wpb=381.7, bsz=32, num_updates=250, lr=4.70544e-07, gnorm=8.018, clip=100, loss_scale=8, train_wall=12, gb_free=69.2, wall=491
2022-12-04 08:46:37 - progress_bar.py[line:272] - INFO: epoch 001:    264 / 17711 loss=4.012, loss_v1=0, loss_v2=0, nll_loss=2.004, ntokens=379.5, nsentences=32, sample_size=379.5, sample_size_v1=0, sample_size_v2=0, ppl=4.01, wps=296.9, ups=0.78, wpb=379.5, bsz=32, num_updates=260, lr=4.89366e-07, gnorm=8.247, clip=100, loss_scale=8, train_wall=13, gb_free=69.2, wall=503
2022-12-04 08:46:50 - progress_bar.py[line:272] - INFO: epoch 001:    274 / 17711 loss=3.997, loss_v1=0, loss_v2=0, nll_loss=1.984, ntokens=378.7, nsentences=32, sample_size=378.7, sample_size_v1=0, sample_size_v2=0, ppl=3.96, wps=296, ups=0.78, wpb=378.7, bsz=32, num_updates=270, lr=5.08187e-07, gnorm=10.937, clip=100, loss_scale=8, train_wall=13, gb_free=69.2, wall=516
2022-12-04 08:47:03 - progress_bar.py[line:272] - INFO: epoch 001:    284 / 17711 loss=3.938, loss_v1=0, loss_v2=0, nll_loss=1.937, ntokens=380.2, nsentences=32, sample_size=380.2, sample_size_v1=0, sample_size_v2=0, ppl=3.83, wps=290.5, ups=0.76, wpb=380.2, bsz=32, num_updates=280, lr=5.27009e-07, gnorm=9.918, clip=100, loss_scale=8, train_wall=13, gb_free=69.2, wall=529
2022-12-04 08:47:15 - progress_bar.py[line:272] - INFO: epoch 001:    294 / 17711 loss=3.986, loss_v1=0, loss_v2=0, nll_loss=1.997, ntokens=373.8, nsentences=32, sample_size=373.8, sample_size_v1=0, sample_size_v2=0, ppl=3.99, wps=300.9, ups=0.8, wpb=373.8, bsz=32, num_updates=290, lr=5.45831e-07, gnorm=9.513, clip=100, loss_scale=8, train_wall=12, gb_free=69.2, wall=542
2022-12-04 08:47:28 - progress_bar.py[line:272] - INFO: epoch 001:    304 / 17711 loss=3.933, loss_v1=0, loss_v2=0, nll_loss=1.946, ntokens=385.7, nsentences=32, sample_size=385.7, sample_size_v1=0, sample_size_v2=0, ppl=3.85, wps=302.1, ups=0.78, wpb=385.7, bsz=32, num_updates=300, lr=5.64653e-07, gnorm=9.13, clip=100, loss_scale=8, train_wall=13, gb_free=69.2, wall=554
2022-12-04 08:47:32 - trainer.py[line:921] - INFO: NOTE: gradient overflow detected, ignoring gradient, setting loss scale to: 4.0
2022-12-04 08:47:42 - progress_bar.py[line:272] - INFO: epoch 001:    315 / 17711 loss=3.972, loss_v1=0, loss_v2=0, nll_loss=2.014, ntokens=386.4, nsentences=32, sample_size=386.4, sample_size_v1=0, sample_size_v2=0, ppl=4.04, wps=275.5, ups=0.71, wpb=386.4, bsz=32, num_updates=310, lr=5.83474e-07, gnorm=7.965, clip=100, loss_scale=4, train_wall=14, gb_free=69.2, wall=568
2022-12-04 08:47:55 - progress_bar.py[line:272] - INFO: epoch 001:    325 / 17711 loss=3.897, loss_v1=0, loss_v2=0, nll_loss=1.944, ntokens=388.3, nsentences=32, sample_size=388.3, sample_size_v1=0, sample_size_v2=0, ppl=3.85, wps=303.5, ups=0.78, wpb=388.3, bsz=32, num_updates=320, lr=6.02296e-07, gnorm=9.516, clip=100, loss_scale=4, train_wall=13, gb_free=69.2, wall=581
2022-12-04 08:48:08 - progress_bar.py[line:272] - INFO: epoch 001:    335 / 17711 loss=3.925, loss_v1=0, loss_v2=0, nll_loss=1.971, ntokens=382.4, nsentences=32, sample_size=382.4, sample_size_v1=0, sample_size_v2=0, ppl=3.92, wps=294.2, ups=0.77, wpb=382.4, bsz=32, num_updates=330, lr=6.21118e-07, gnorm=9.258, clip=100, loss_scale=4, train_wall=13, gb_free=69.2, wall=594
2022-12-04 08:48:21 - progress_bar.py[line:272] - INFO: epoch 001:    345 / 17711 loss=3.801, loss_v1=0, loss_v2=0, nll_loss=1.839, ntokens=381.2, nsentences=32, sample_size=381.2, sample_size_v1=0, sample_size_v2=0, ppl=3.58, wps=295.2, ups=0.77, wpb=381.2, bsz=32, num_updates=340, lr=6.3994e-07, gnorm=11.053, clip=100, loss_scale=4, train_wall=13, gb_free=69.2, wall=607
2022-12-04 08:48:34 - progress_bar.py[line:272] - INFO: epoch 001:    355 / 17711 loss=3.795, loss_v1=0, loss_v2=0, nll_loss=1.854, ntokens=385.8, nsentences=32, sample_size=385.8, sample_size_v1=0, sample_size_v2=0, ppl=3.62, wps=302.3, ups=0.78, wpb=385.8, bsz=32, num_updates=350, lr=6.58762e-07, gnorm=7.551, clip=100, loss_scale=4, train_wall=13, gb_free=69.2, wall=620
2022-12-04 08:48:46 - progress_bar.py[line:272] - INFO: epoch 001:    365 / 17711 loss=3.773, loss_v1=0, loss_v2=0, nll_loss=1.857, ntokens=377.6, nsentences=32, sample_size=377.6, sample_size_v1=0, sample_size_v2=0, ppl=3.62, wps=301.1, ups=0.8, wpb=377.6, bsz=32, num_updates=360, lr=6.77583e-07, gnorm=7.589, clip=100, loss_scale=4, train_wall=13, gb_free=69.2, wall=633
2022-12-04 08:48:59 - progress_bar.py[line:272] - INFO: epoch 001:    375 / 17711 loss=3.769, loss_v1=0, loss_v2=0, nll_loss=1.85, ntokens=378.3, nsentences=32, sample_size=378.3, sample_size_v1=0, sample_size_v2=0, ppl=3.61, wps=302.9, ups=0.8, wpb=378.3, bsz=32, num_updates=370, lr=6.96405e-07, gnorm=8.2, clip=100, loss_scale=4, train_wall=12, gb_free=69.2, wall=645
2022-12-04 08:49:11 - progress_bar.py[line:272] - INFO: epoch 001:    385 / 17711 loss=3.728, loss_v1=0, loss_v2=0, nll_loss=1.819, ntokens=382, nsentences=32, sample_size=382, sample_size_v1=0, sample_size_v2=0, ppl=3.53, wps=303.3, ups=0.79, wpb=382, bsz=32, num_updates=380, lr=7.15227e-07, gnorm=7.168, clip=100, loss_scale=4, train_wall=13, gb_free=69.2, wall=658
2022-12-04 08:49:24 - progress_bar.py[line:272] - INFO: epoch 001:    395 / 17711 loss=3.762, loss_v1=0, loss_v2=0, nll_loss=1.873, ntokens=383.3, nsentences=32, sample_size=383.3, sample_size_v1=0, sample_size_v2=0, ppl=3.66, wps=302.3, ups=0.79, wpb=383.3, bsz=32, num_updates=390, lr=7.34049e-07, gnorm=6.784, clip=100, loss_scale=4, train_wall=13, gb_free=69.2, wall=670
2022-12-04 08:49:37 - progress_bar.py[line:272] - INFO: epoch 001:    405 / 17711 loss=3.815, loss_v1=0, loss_v2=0, nll_loss=1.963, ntokens=381.1, nsentences=32, sample_size=381.1, sample_size_v1=0, sample_size_v2=0, ppl=3.9, wps=298.4, ups=0.78, wpb=381.1, bsz=32, num_updates=400, lr=7.5287e-07, gnorm=8.195, clip=100, loss_scale=4, train_wall=13, gb_free=69.2, wall=683
2022-12-04 08:49:49 - progress_bar.py[line:272] - INFO: epoch 001:    415 / 17711 loss=3.733, loss_v1=0, loss_v2=0, nll_loss=1.878, ntokens=388, nsentences=32, sample_size=388, sample_size_v1=0, sample_size_v2=0, ppl=3.68, wps=305.6, ups=0.79, wpb=388, bsz=32, num_updates=410, lr=7.71692e-07, gnorm=8.539, clip=100, loss_scale=4, train_wall=13, gb_free=69.2, wall=696
2022-12-04 08:50:02 - progress_bar.py[line:272] - INFO: epoch 001:    425 / 17711 loss=3.666, loss_v1=0, loss_v2=0, nll_loss=1.813, ntokens=375.7, nsentences=32, sample_size=375.7, sample_size_v1=0, sample_size_v2=0, ppl=3.51, wps=292, ups=0.78, wpb=375.7, bsz=32, num_updates=420, lr=7.90514e-07, gnorm=7.366, clip=100, loss_scale=4, train_wall=13, gb_free=69.2, wall=709
2022-12-04 08:50:15 - progress_bar.py[line:272] - INFO: epoch 001:    435 / 17711 loss=3.686, loss_v1=0, loss_v2=0, nll_loss=1.85, ntokens=385, nsentences=32, sample_size=385, sample_size_v1=0, sample_size_v2=0, ppl=3.61, wps=308.1, ups=0.8, wpb=385, bsz=32, num_updates=430, lr=8.09336e-07, gnorm=6.439, clip=100, loss_scale=4, train_wall=12, gb_free=69.2, wall=721
2022-12-04 08:50:27 - progress_bar.py[line:272] - INFO: epoch 001:    445 / 17711 loss=3.665, loss_v1=0, loss_v2=0, nll_loss=1.851, ntokens=378.6, nsentences=32, sample_size=378.6, sample_size_v1=0, sample_size_v2=0, ppl=3.61, wps=298.1, ups=0.79, wpb=378.6, bsz=32, num_updates=440, lr=8.28157e-07, gnorm=6.69, clip=100, loss_scale=4, train_wall=13, gb_free=69.2, wall=734
2022-12-04 08:50:40 - progress_bar.py[line:272] - INFO: epoch 001:    455 / 17711 loss=3.73, loss_v1=0, loss_v2=0, nll_loss=1.947, ntokens=380.9, nsentences=32, sample_size=380.9, sample_size_v1=0, sample_size_v2=0, ppl=3.85, wps=295.8, ups=0.78, wpb=380.9, bsz=32, num_updates=450, lr=8.46979e-07, gnorm=6.424, clip=100, loss_scale=4, train_wall=13, gb_free=69.2, wall=747
2022-12-04 08:50:53 - progress_bar.py[line:272] - INFO: epoch 001:    465 / 17711 loss=3.63, loss_v1=0, loss_v2=0, nll_loss=1.853, ntokens=389.7, nsentences=32, sample_size=389.7, sample_size_v1=0, sample_size_v2=0, ppl=3.61, wps=310.9, ups=0.8, wpb=389.7, bsz=32, num_updates=460, lr=8.65801e-07, gnorm=6.573, clip=100, loss_scale=4, train_wall=13, gb_free=69.2, wall=759
2022-12-04 08:51:05 - progress_bar.py[line:272] - INFO: epoch 001:    475 / 17711 loss=3.615, loss_v1=0, loss_v2=0, nll_loss=1.846, ntokens=383, nsentences=32, sample_size=383, sample_size_v1=0, sample_size_v2=0, ppl=3.59, wps=302.9, ups=0.79, wpb=383, bsz=32, num_updates=470, lr=8.84623e-07, gnorm=9.702, clip=100, loss_scale=4, train_wall=13, gb_free=69.2, wall=772
2022-12-04 08:51:18 - progress_bar.py[line:272] - INFO: epoch 001:    485 / 17711 loss=3.694, loss_v1=0, loss_v2=0, nll_loss=1.958, ntokens=390.5, nsentences=32, sample_size=390.5, sample_size_v1=0, sample_size_v2=0, ppl=3.88, wps=302.3, ups=0.77, wpb=390.5, bsz=32, num_updates=480, lr=9.03444e-07, gnorm=5.631, clip=100, loss_scale=4, train_wall=13, gb_free=69.2, wall=785
2022-12-04 08:51:31 - progress_bar.py[line:272] - INFO: epoch 001:    495 / 17711 loss=3.658, loss_v1=0, loss_v2=0, nll_loss=1.934, ntokens=390.6, nsentences=32, sample_size=390.6, sample_size_v1=0, sample_size_v2=0, ppl=3.82, wps=309.5, ups=0.79, wpb=390.6, bsz=32, num_updates=490, lr=9.22266e-07, gnorm=6.888, clip=100, loss_scale=4, train_wall=13, gb_free=69.2, wall=797
WARNING:torch.distributed.elastic.agent.server.api:Received 2 death signal, shutting down workers
WARNING:torch.distributed.elastic.multiprocessing.api:Sending process 9546 closing signal SIGINT
Traceback (most recent call last):
  File "/public16_data/wjh/OFA-main/run_scripts/caption/../../train.py", line 538, in <module>
    cli_main()
  File "/public16_data/wjh/OFA-main/run_scripts/caption/../../train.py", line 530, in cli_main
    distributed_utils.call_main(cfg, main)
  File "/public16_data/wjh/OFA-main/fairseq/fairseq/distributed/utils.py", line 374, in call_main
    distributed_main(cfg.distributed_training.device_id, main, cfg, kwargs)
  File "/public16_data/wjh/OFA-main/fairseq/fairseq/distributed/utils.py", line 348, in distributed_main
    main(cfg, **kwargs)
  File "/public16_data/wjh/OFA-main/run_scripts/caption/../../train.py", line 199, in main
    valid_losses, should_stop = train(cfg, trainer, task, epoch_itr)
  File "/root/anaconda/envs/py39116/lib/python3.9/contextlib.py", line 79, in inner
    return func(*args, **kwds)
  File "/public16_data/wjh/OFA-main/run_scripts/caption/../../train.py", line 310, in train
    log_output = trainer.train_step(samples)
  File "/root/anaconda/envs/py39116/lib/python3.9/contextlib.py", line 79, in inner
    return func(*args, **kwds)
  File "/public16_data/wjh/OFA-main/trainer.py", line 773, in train_step
    loss, sample_size_i, logging_output = self.task.train_step(
  File "/public16_data/wjh/OFA-main/tasks/ofa_task.py", line 338, in train_step
    optimizer.backward(loss)
  File "/public16_data/wjh/OFA-main/fairseq/fairseq/optim/fp16_optimizer.py", line 105, in backward
    loss.backward()
  File "/root/anaconda/envs/py39116/lib/python3.9/site-packages/torch/_tensor.py", line 487, in backward
    torch.autograd.backward(
  File "/root/anaconda/envs/py39116/lib/python3.9/site-packages/torch/autograd/__init__.py", line 197, in backward
    Variable._execution_engine.run_backward(  # Calls into the C++ engine to run the backward pass
KeyboardInterrupt
WARNING:torch.distributed.elastic.multiprocessing.api:Sending process 9546 closing signal SIGTERM
Traceback (most recent call last):
  File "/root/anaconda/envs/py39116/lib/python3.9/site-packages/torch/distributed/elastic/agent/server/api.py", line 709, in run
    result = self._invoke_run(role)
  File "/root/anaconda/envs/py39116/lib/python3.9/site-packages/torch/distributed/elastic/agent/server/api.py", line 850, in _invoke_run
    time.sleep(monitor_interval)
  File "/root/anaconda/envs/py39116/lib/python3.9/site-packages/torch/distributed/elastic/multiprocessing/api.py", line 62, in _terminate_process_handler
    raise SignalException(f"Process {os.getpid()} got signal: {sigval}", sigval=sigval)
torch.distributed.elastic.multiprocessing.api.SignalException: Process 9468 got signal: 2

During handling of the above exception, another exception occurred:

Traceback (most recent call last):
  File "/root/anaconda/envs/py39116/lib/python3.9/site-packages/torch/distributed/elastic/agent/server/api.py", line 716, in run
    self._shutdown(e.sigval)
  File "/root/anaconda/envs/py39116/lib/python3.9/site-packages/torch/distributed/elastic/agent/server/local_elastic_agent.py", line 289, in _shutdown
    self._pcontext.close(death_sig)
  File "/root/anaconda/envs/py39116/lib/python3.9/site-packages/torch/distributed/elastic/multiprocessing/api.py", line 332, in close
    self._close(death_sig=death_sig, timeout=timeout)
  File "/root/anaconda/envs/py39116/lib/python3.9/site-packages/torch/distributed/elastic/multiprocessing/api.py", line 709, in _close
    handler.proc.wait(time_to_wait)
  File "/root/anaconda/envs/py39116/lib/python3.9/subprocess.py", line 1189, in wait
    return self._wait(timeout=timeout)
  File "/root/anaconda/envs/py39116/lib/python3.9/subprocess.py", line 1911, in _wait
    time.sleep(delay)
  File "/root/anaconda/envs/py39116/lib/python3.9/site-packages/torch/distributed/elastic/multiprocessing/api.py", line 62, in _terminate_process_handler
    raise SignalException(f"Process {os.getpid()} got signal: {sigval}", sigval=sigval)
torch.distributed.elastic.multiprocessing.api.SignalException: Process 9468 got signal: 2

During handling of the above exception, another exception occurred:

Traceback (most recent call last):
  File "/root/anaconda/envs/py39116/lib/python3.9/runpy.py", line 197, in _run_module_as_main
    return _run_code(code, main_globals, None,
  File "/root/anaconda/envs/py39116/lib/python3.9/runpy.py", line 87, in _run_code
    exec(code, run_globals)
  File "/root/anaconda/envs/py39116/lib/python3.9/site-packages/torch/distributed/launch.py", line 195, in <module>
    main()
  File "/root/anaconda/envs/py39116/lib/python3.9/site-packages/torch/distributed/launch.py", line 191, in main
    launch(args)
  File "/root/anaconda/envs/py39116/lib/python3.9/site-packages/torch/distributed/launch.py", line 176, in launch
    run(args)
  File "/root/anaconda/envs/py39116/lib/python3.9/site-packages/torch/distributed/run.py", line 753, in run
    elastic_launch(
  File "/root/anaconda/envs/py39116/lib/python3.9/site-packages/torch/distributed/launcher/api.py", line 132, in __call__
    return launch_agent(self._config, self._entrypoint, list(args))
  File "/root/anaconda/envs/py39116/lib/python3.9/site-packages/torch/distributed/launcher/api.py", line 237, in launch_agent
    result = agent.run()
  File "/root/anaconda/envs/py39116/lib/python3.9/site-packages/torch/distributed/elastic/metrics/api.py", line 129, in wrapper
    result = f(*args, **kwargs)
  File "/root/anaconda/envs/py39116/lib/python3.9/site-packages/torch/distributed/elastic/agent/server/api.py", line 721, in run
    self._shutdown()
  File "/root/anaconda/envs/py39116/lib/python3.9/site-packages/torch/distributed/elastic/agent/server/local_elastic_agent.py", line 289, in _shutdown
    self._pcontext.close(death_sig)
  File "/root/anaconda/envs/py39116/lib/python3.9/site-packages/torch/distributed/elastic/multiprocessing/api.py", line 332, in close
    self._close(death_sig=death_sig, timeout=timeout)
  File "/root/anaconda/envs/py39116/lib/python3.9/site-packages/torch/distributed/elastic/multiprocessing/api.py", line 709, in _close
    handler.proc.wait(time_to_wait)
  File "/root/anaconda/envs/py39116/lib/python3.9/subprocess.py", line 1189, in wait
    return self._wait(timeout=timeout)
  File "/root/anaconda/envs/py39116/lib/python3.9/subprocess.py", line 1911, in _wait
    time.sleep(delay)
  File "/root/anaconda/envs/py39116/lib/python3.9/site-packages/torch/distributed/elastic/multiprocessing/api.py", line 62, in _terminate_process_handler
    raise SignalException(f"Process {os.getpid()} got signal: {sigval}", sigval=sigval)
torch.distributed.elastic.multiprocessing.api.SignalException: Process 9468 got signal: 2
